0 verbose cli C:\Users\Pablo\OneDrive\Escritorio\future-academy\future-academy\frontend\node\node.exe C:\Users\Pablo\OneDrive\Escritorio\future-academy\future-academy\frontend\node\node_modules\npm\bin\npm-cli.js
1 info using npm@9.8.1
2 info using node@v20.19.0
3 timing npm:load:whichnode Completed in 3ms
4 timing config:load:defaults Completed in 6ms
5 timing config:load:file:C:\Users\Pablo\OneDrive\Escritorio\future-academy\future-academy\frontend\node\node_modules\npm\npmrc Completed in 2ms
6 timing config:load:builtin Completed in 2ms
7 timing config:load:cli Completed in 4ms
8 timing config:load:env Completed in 0ms
9 timing config:load:file:C:\Users\Pablo\OneDrive\Escritorio\future-academy\future-academy\frontend\.npmrc Completed in 0ms
10 timing config:load:project Completed in 5ms
11 timing config:load:file:C:\Users\Pablo\.npmrc Completed in 1ms
12 timing config:load:user Completed in 1ms
13 timing config:load:file:C:\Users\Pablo\OneDrive\Escritorio\future-academy\future-academy\frontend\node\etc\npmrc Completed in 0ms
14 timing config:load:global Completed in 0ms
15 timing config:load:setEnvs Completed in 2ms
16 timing config:load Completed in 20ms
17 timing npm:load:configload Completed in 20ms
18 timing config:load:flatten Completed in 2ms
19 timing npm:load:mkdirpcache Completed in 1ms
20 timing npm:load:mkdirplogs Completed in 0ms
21 verbose title npm ci
22 verbose argv "ci" "--no-audit" "--no-fund" "--cache" ".npm-cache"
23 timing npm:load:setTitle Completed in 1ms
24 timing npm:load:display Completed in 0ms
25 verbose logfile logs-max:10 dir:C:\Users\Pablo\OneDrive\Escritorio\future-academy\future-academy\frontend\.npm-cache\_logs\2025-10-28T05_34_16_169Z-
26 verbose logfile C:\Users\Pablo\OneDrive\Escritorio\future-academy\future-academy\frontend\.npm-cache\_logs\2025-10-28T05_34_16_169Z-debug-0.log
27 timing npm:load:logFile Completed in 11ms
28 timing npm:load:timers Completed in 0ms
29 timing npm:load:configScope Completed in 0ms
30 timing npm:load Completed in 48ms
31 timing arborist:ctor Completed in 1ms
32 timing idealTree:init Completed in 34ms
33 timing idealTree:userRequests Completed in 0ms
34 silly idealTree buildDeps
35 timing idealTree:#root Completed in 0ms
36 timing idealTree:buildDeps Completed in 1ms
37 timing idealTree:fixDepFlags Completed in 0ms
38 timing idealTree Completed in 39ms
39 silly logfile done cleaning log files
40 timing npm-ci:rm Completed in 383ms
41 timing reify:loadTrees Completed in 4ms
42 timing reify:diffTrees Completed in 2ms
43 silly reify moves {}
44 timing reify:retireShallow Completed in 2ms
45 timing reify:createSparse Completed in 34ms
46 timing reify:loadBundles Completed in 0ms
47 verbose reify failed optional dependency C:\Users\Pablo\OneDrive\Escritorio\future-academy\future-academy\frontend\node_modules\fsevents
48 silly reify mark deleted [
48 silly reify   'C:\\Users\\Pablo\\OneDrive\\Escritorio\\future-academy\\future-academy\\frontend\\node_modules\\fsevents'
48 silly reify ]
49 verbose reify failed optional dependency C:\Users\Pablo\OneDrive\Escritorio\future-academy\future-academy\frontend\node_modules\@rollup\rollup-win32-ia32-msvc
50 silly reify mark deleted [
50 silly reify   'C:\\Users\\Pablo\\OneDrive\\Escritorio\\future-academy\\future-academy\\frontend\\node_modules\\@rollup\\rollup-win32-ia32-msvc'
50 silly reify ]
51 verbose reify failed optional dependency C:\Users\Pablo\OneDrive\Escritorio\future-academy\future-academy\frontend\node_modules\@rollup\rollup-win32-arm64-msvc
52 silly reify mark deleted [
52 silly reify   'C:\\Users\\Pablo\\OneDrive\\Escritorio\\future-academy\\future-academy\\frontend\\node_modules\\@rollup\\rollup-win32-arm64-msvc'
52 silly reify ]
53 verbose reify failed optional dependency C:\Users\Pablo\OneDrive\Escritorio\future-academy\future-academy\frontend\node_modules\@rollup\rollup-openharmony-arm64
54 silly reify mark deleted [
54 silly reify   'C:\\Users\\Pablo\\OneDrive\\Escritorio\\future-academy\\future-academy\\frontend\\node_modules\\@rollup\\rollup-openharmony-arm64'
54 silly reify ]
55 verbose reify failed optional dependency C:\Users\Pablo\OneDrive\Escritorio\future-academy\future-academy\frontend\node_modules\@rollup\rollup-linux-x64-musl
56 silly reify mark deleted [
56 silly reify   'C:\\Users\\Pablo\\OneDrive\\Escritorio\\future-academy\\future-academy\\frontend\\node_modules\\@rollup\\rollup-linux-x64-musl'
56 silly reify ]
57 verbose reify failed optional dependency C:\Users\Pablo\OneDrive\Escritorio\future-academy\future-academy\frontend\node_modules\@rollup\rollup-linux-x64-gnu
58 silly reify mark deleted [
58 silly reify   'C:\\Users\\Pablo\\OneDrive\\Escritorio\\future-academy\\future-academy\\frontend\\node_modules\\@rollup\\rollup-linux-x64-gnu'
58 silly reify ]
59 verbose reify failed optional dependency C:\Users\Pablo\OneDrive\Escritorio\future-academy\future-academy\frontend\node_modules\@rollup\rollup-linux-s390x-gnu
60 silly reify mark deleted [
60 silly reify   'C:\\Users\\Pablo\\OneDrive\\Escritorio\\future-academy\\future-academy\\frontend\\node_modules\\@rollup\\rollup-linux-s390x-gnu'
60 silly reify ]
61 verbose reify failed optional dependency C:\Users\Pablo\OneDrive\Escritorio\future-academy\future-academy\frontend\node_modules\@rollup\rollup-linux-riscv64-musl
62 silly reify mark deleted [
62 silly reify   'C:\\Users\\Pablo\\OneDrive\\Escritorio\\future-academy\\future-academy\\frontend\\node_modules\\@rollup\\rollup-linux-riscv64-musl'
62 silly reify ]
63 verbose reify failed optional dependency C:\Users\Pablo\OneDrive\Escritorio\future-academy\future-academy\frontend\node_modules\@rollup\rollup-linux-riscv64-gnu
64 silly reify mark deleted [
64 silly reify   'C:\\Users\\Pablo\\OneDrive\\Escritorio\\future-academy\\future-academy\\frontend\\node_modules\\@rollup\\rollup-linux-riscv64-gnu'
64 silly reify ]
65 verbose reify failed optional dependency C:\Users\Pablo\OneDrive\Escritorio\future-academy\future-academy\frontend\node_modules\@rollup\rollup-linux-ppc64-gnu
66 silly reify mark deleted [
66 silly reify   'C:\\Users\\Pablo\\OneDrive\\Escritorio\\future-academy\\future-academy\\frontend\\node_modules\\@rollup\\rollup-linux-ppc64-gnu'
66 silly reify ]
67 verbose reify failed optional dependency C:\Users\Pablo\OneDrive\Escritorio\future-academy\future-academy\frontend\node_modules\@rollup\rollup-linux-loong64-gnu
68 silly reify mark deleted [
68 silly reify   'C:\\Users\\Pablo\\OneDrive\\Escritorio\\future-academy\\future-academy\\frontend\\node_modules\\@rollup\\rollup-linux-loong64-gnu'
68 silly reify ]
69 verbose reify failed optional dependency C:\Users\Pablo\OneDrive\Escritorio\future-academy\future-academy\frontend\node_modules\@rollup\rollup-linux-arm64-musl
70 silly reify mark deleted [
70 silly reify   'C:\\Users\\Pablo\\OneDrive\\Escritorio\\future-academy\\future-academy\\frontend\\node_modules\\@rollup\\rollup-linux-arm64-musl'
70 silly reify ]
71 verbose reify failed optional dependency C:\Users\Pablo\OneDrive\Escritorio\future-academy\future-academy\frontend\node_modules\@rollup\rollup-linux-arm64-gnu
72 silly reify mark deleted [
72 silly reify   'C:\\Users\\Pablo\\OneDrive\\Escritorio\\future-academy\\future-academy\\frontend\\node_modules\\@rollup\\rollup-linux-arm64-gnu'
72 silly reify ]
73 verbose reify failed optional dependency C:\Users\Pablo\OneDrive\Escritorio\future-academy\future-academy\frontend\node_modules\@rollup\rollup-linux-arm-musleabihf
74 silly reify mark deleted [
74 silly reify   'C:\\Users\\Pablo\\OneDrive\\Escritorio\\future-academy\\future-academy\\frontend\\node_modules\\@rollup\\rollup-linux-arm-musleabihf'
74 silly reify ]
75 verbose reify failed optional dependency C:\Users\Pablo\OneDrive\Escritorio\future-academy\future-academy\frontend\node_modules\@rollup\rollup-linux-arm-gnueabihf
76 silly reify mark deleted [
76 silly reify   'C:\\Users\\Pablo\\OneDrive\\Escritorio\\future-academy\\future-academy\\frontend\\node_modules\\@rollup\\rollup-linux-arm-gnueabihf'
76 silly reify ]
77 verbose reify failed optional dependency C:\Users\Pablo\OneDrive\Escritorio\future-academy\future-academy\frontend\node_modules\@rollup\rollup-freebsd-x64
78 silly reify mark deleted [
78 silly reify   'C:\\Users\\Pablo\\OneDrive\\Escritorio\\future-academy\\future-academy\\frontend\\node_modules\\@rollup\\rollup-freebsd-x64'
78 silly reify ]
79 verbose reify failed optional dependency C:\Users\Pablo\OneDrive\Escritorio\future-academy\future-academy\frontend\node_modules\@rollup\rollup-freebsd-arm64
80 silly reify mark deleted [
80 silly reify   'C:\\Users\\Pablo\\OneDrive\\Escritorio\\future-academy\\future-academy\\frontend\\node_modules\\@rollup\\rollup-freebsd-arm64'
80 silly reify ]
81 verbose reify failed optional dependency C:\Users\Pablo\OneDrive\Escritorio\future-academy\future-academy\frontend\node_modules\@rollup\rollup-darwin-x64
82 silly reify mark deleted [
82 silly reify   'C:\\Users\\Pablo\\OneDrive\\Escritorio\\future-academy\\future-academy\\frontend\\node_modules\\@rollup\\rollup-darwin-x64'
82 silly reify ]
83 verbose reify failed optional dependency C:\Users\Pablo\OneDrive\Escritorio\future-academy\future-academy\frontend\node_modules\@rollup\rollup-darwin-arm64
84 silly reify mark deleted [
84 silly reify   'C:\\Users\\Pablo\\OneDrive\\Escritorio\\future-academy\\future-academy\\frontend\\node_modules\\@rollup\\rollup-darwin-arm64'
84 silly reify ]
85 verbose reify failed optional dependency C:\Users\Pablo\OneDrive\Escritorio\future-academy\future-academy\frontend\node_modules\@rollup\rollup-android-arm64
86 silly reify mark deleted [
86 silly reify   'C:\\Users\\Pablo\\OneDrive\\Escritorio\\future-academy\\future-academy\\frontend\\node_modules\\@rollup\\rollup-android-arm64'
86 silly reify ]
87 verbose reify failed optional dependency C:\Users\Pablo\OneDrive\Escritorio\future-academy\future-academy\frontend\node_modules\@rollup\rollup-android-arm-eabi
88 silly reify mark deleted [
88 silly reify   'C:\\Users\\Pablo\\OneDrive\\Escritorio\\future-academy\\future-academy\\frontend\\node_modules\\@rollup\\rollup-android-arm-eabi'
88 silly reify ]
89 verbose reify failed optional dependency C:\Users\Pablo\OneDrive\Escritorio\future-academy\future-academy\frontend\node_modules\@esbuild\win32-ia32
90 silly reify mark deleted [
90 silly reify   'C:\\Users\\Pablo\\OneDrive\\Escritorio\\future-academy\\future-academy\\frontend\\node_modules\\@esbuild\\win32-ia32'
90 silly reify ]
91 verbose reify failed optional dependency C:\Users\Pablo\OneDrive\Escritorio\future-academy\future-academy\frontend\node_modules\@esbuild\win32-arm64
92 silly reify mark deleted [
92 silly reify   'C:\\Users\\Pablo\\OneDrive\\Escritorio\\future-academy\\future-academy\\frontend\\node_modules\\@esbuild\\win32-arm64'
92 silly reify ]
93 verbose reify failed optional dependency C:\Users\Pablo\OneDrive\Escritorio\future-academy\future-academy\frontend\node_modules\@esbuild\sunos-x64
94 silly reify mark deleted [
94 silly reify   'C:\\Users\\Pablo\\OneDrive\\Escritorio\\future-academy\\future-academy\\frontend\\node_modules\\@esbuild\\sunos-x64'
94 silly reify ]
95 verbose reify failed optional dependency C:\Users\Pablo\OneDrive\Escritorio\future-academy\future-academy\frontend\node_modules\@esbuild\openbsd-x64
96 silly reify mark deleted [
96 silly reify   'C:\\Users\\Pablo\\OneDrive\\Escritorio\\future-academy\\future-academy\\frontend\\node_modules\\@esbuild\\openbsd-x64'
96 silly reify ]
97 verbose reify failed optional dependency C:\Users\Pablo\OneDrive\Escritorio\future-academy\future-academy\frontend\node_modules\@esbuild\netbsd-x64
98 silly reify mark deleted [
98 silly reify   'C:\\Users\\Pablo\\OneDrive\\Escritorio\\future-academy\\future-academy\\frontend\\node_modules\\@esbuild\\netbsd-x64'
98 silly reify ]
99 verbose reify failed optional dependency C:\Users\Pablo\OneDrive\Escritorio\future-academy\future-academy\frontend\node_modules\@esbuild\linux-x64
100 silly reify mark deleted [
100 silly reify   'C:\\Users\\Pablo\\OneDrive\\Escritorio\\future-academy\\future-academy\\frontend\\node_modules\\@esbuild\\linux-x64'
100 silly reify ]
101 verbose reify failed optional dependency C:\Users\Pablo\OneDrive\Escritorio\future-academy\future-academy\frontend\node_modules\@esbuild\linux-s390x
102 silly reify mark deleted [
102 silly reify   'C:\\Users\\Pablo\\OneDrive\\Escritorio\\future-academy\\future-academy\\frontend\\node_modules\\@esbuild\\linux-s390x'
102 silly reify ]
103 verbose reify failed optional dependency C:\Users\Pablo\OneDrive\Escritorio\future-academy\future-academy\frontend\node_modules\@esbuild\linux-riscv64
104 silly reify mark deleted [
104 silly reify   'C:\\Users\\Pablo\\OneDrive\\Escritorio\\future-academy\\future-academy\\frontend\\node_modules\\@esbuild\\linux-riscv64'
104 silly reify ]
105 verbose reify failed optional dependency C:\Users\Pablo\OneDrive\Escritorio\future-academy\future-academy\frontend\node_modules\@esbuild\linux-ppc64
106 silly reify mark deleted [
106 silly reify   'C:\\Users\\Pablo\\OneDrive\\Escritorio\\future-academy\\future-academy\\frontend\\node_modules\\@esbuild\\linux-ppc64'
106 silly reify ]
107 verbose reify failed optional dependency C:\Users\Pablo\OneDrive\Escritorio\future-academy\future-academy\frontend\node_modules\@esbuild\linux-mips64el
108 silly reify mark deleted [
108 silly reify   'C:\\Users\\Pablo\\OneDrive\\Escritorio\\future-academy\\future-academy\\frontend\\node_modules\\@esbuild\\linux-mips64el'
108 silly reify ]
109 verbose reify failed optional dependency C:\Users\Pablo\OneDrive\Escritorio\future-academy\future-academy\frontend\node_modules\@esbuild\linux-loong64
110 silly reify mark deleted [
110 silly reify   'C:\\Users\\Pablo\\OneDrive\\Escritorio\\future-academy\\future-academy\\frontend\\node_modules\\@esbuild\\linux-loong64'
110 silly reify ]
111 verbose reify failed optional dependency C:\Users\Pablo\OneDrive\Escritorio\future-academy\future-academy\frontend\node_modules\@esbuild\linux-ia32
112 silly reify mark deleted [
112 silly reify   'C:\\Users\\Pablo\\OneDrive\\Escritorio\\future-academy\\future-academy\\frontend\\node_modules\\@esbuild\\linux-ia32'
112 silly reify ]
113 verbose reify failed optional dependency C:\Users\Pablo\OneDrive\Escritorio\future-academy\future-academy\frontend\node_modules\@esbuild\linux-arm64
114 silly reify mark deleted [
114 silly reify   'C:\\Users\\Pablo\\OneDrive\\Escritorio\\future-academy\\future-academy\\frontend\\node_modules\\@esbuild\\linux-arm64'
114 silly reify ]
115 verbose reify failed optional dependency C:\Users\Pablo\OneDrive\Escritorio\future-academy\future-academy\frontend\node_modules\@esbuild\linux-arm
116 silly reify mark deleted [
116 silly reify   'C:\\Users\\Pablo\\OneDrive\\Escritorio\\future-academy\\future-academy\\frontend\\node_modules\\@esbuild\\linux-arm'
116 silly reify ]
117 verbose reify failed optional dependency C:\Users\Pablo\OneDrive\Escritorio\future-academy\future-academy\frontend\node_modules\@esbuild\freebsd-x64
118 silly reify mark deleted [
118 silly reify   'C:\\Users\\Pablo\\OneDrive\\Escritorio\\future-academy\\future-academy\\frontend\\node_modules\\@esbuild\\freebsd-x64'
118 silly reify ]
119 verbose reify failed optional dependency C:\Users\Pablo\OneDrive\Escritorio\future-academy\future-academy\frontend\node_modules\@esbuild\freebsd-arm64
120 silly reify mark deleted [
120 silly reify   'C:\\Users\\Pablo\\OneDrive\\Escritorio\\future-academy\\future-academy\\frontend\\node_modules\\@esbuild\\freebsd-arm64'
120 silly reify ]
121 verbose reify failed optional dependency C:\Users\Pablo\OneDrive\Escritorio\future-academy\future-academy\frontend\node_modules\@esbuild\darwin-x64
122 silly reify mark deleted [
122 silly reify   'C:\\Users\\Pablo\\OneDrive\\Escritorio\\future-academy\\future-academy\\frontend\\node_modules\\@esbuild\\darwin-x64'
122 silly reify ]
123 verbose reify failed optional dependency C:\Users\Pablo\OneDrive\Escritorio\future-academy\future-academy\frontend\node_modules\@esbuild\darwin-arm64
124 silly reify mark deleted [
124 silly reify   'C:\\Users\\Pablo\\OneDrive\\Escritorio\\future-academy\\future-academy\\frontend\\node_modules\\@esbuild\\darwin-arm64'
124 silly reify ]
125 verbose reify failed optional dependency C:\Users\Pablo\OneDrive\Escritorio\future-academy\future-academy\frontend\node_modules\@esbuild\android-x64
126 silly reify mark deleted [
126 silly reify   'C:\\Users\\Pablo\\OneDrive\\Escritorio\\future-academy\\future-academy\\frontend\\node_modules\\@esbuild\\android-x64'
126 silly reify ]
127 verbose reify failed optional dependency C:\Users\Pablo\OneDrive\Escritorio\future-academy\future-academy\frontend\node_modules\@esbuild\android-arm64
128 silly reify mark deleted [
128 silly reify   'C:\\Users\\Pablo\\OneDrive\\Escritorio\\future-academy\\future-academy\\frontend\\node_modules\\@esbuild\\android-arm64'
128 silly reify ]
129 verbose reify failed optional dependency C:\Users\Pablo\OneDrive\Escritorio\future-academy\future-academy\frontend\node_modules\@esbuild\android-arm
130 silly reify mark deleted [
130 silly reify   'C:\\Users\\Pablo\\OneDrive\\Escritorio\\future-academy\\future-academy\\frontend\\node_modules\\@esbuild\\android-arm'
130 silly reify ]
131 verbose reify failed optional dependency C:\Users\Pablo\OneDrive\Escritorio\future-academy\future-academy\frontend\node_modules\@esbuild\aix-ppc64
132 silly reify mark deleted [
132 silly reify   'C:\\Users\\Pablo\\OneDrive\\Escritorio\\future-academy\\future-academy\\frontend\\node_modules\\@esbuild\\aix-ppc64'
132 silly reify ]
133 timing reifyNode:node_modules/fsevents Completed in 33ms
134 timing reifyNode:node_modules/@rollup/rollup-win32-ia32-msvc Completed in 32ms
135 timing reifyNode:node_modules/@rollup/rollup-win32-arm64-msvc Completed in 32ms
136 timing reifyNode:node_modules/@rollup/rollup-openharmony-arm64 Completed in 32ms
137 timing reifyNode:node_modules/@rollup/rollup-linux-x64-musl Completed in 32ms
138 timing reifyNode:node_modules/@rollup/rollup-linux-x64-gnu Completed in 31ms
139 timing reifyNode:node_modules/@rollup/rollup-linux-s390x-gnu Completed in 31ms
140 timing reifyNode:node_modules/@rollup/rollup-linux-riscv64-musl Completed in 31ms
141 timing reifyNode:node_modules/@rollup/rollup-linux-riscv64-gnu Completed in 31ms
142 timing reifyNode:node_modules/@rollup/rollup-linux-ppc64-gnu Completed in 31ms
143 timing reifyNode:node_modules/@rollup/rollup-linux-loong64-gnu Completed in 31ms
144 timing reifyNode:node_modules/@rollup/rollup-linux-arm64-musl Completed in 31ms
145 timing reifyNode:node_modules/@rollup/rollup-linux-arm64-gnu Completed in 32ms
146 timing reifyNode:node_modules/@rollup/rollup-linux-arm-musleabihf Completed in 32ms
147 timing reifyNode:node_modules/@rollup/rollup-linux-arm-gnueabihf Completed in 32ms
148 timing reifyNode:node_modules/@rollup/rollup-freebsd-x64 Completed in 32ms
149 timing reifyNode:node_modules/@rollup/rollup-freebsd-arm64 Completed in 32ms
150 timing reifyNode:node_modules/@rollup/rollup-darwin-x64 Completed in 32ms
151 timing reifyNode:node_modules/@rollup/rollup-darwin-arm64 Completed in 32ms
152 timing reifyNode:node_modules/@rollup/rollup-android-arm64 Completed in 32ms
153 timing reifyNode:node_modules/@rollup/rollup-android-arm-eabi Completed in 32ms
154 timing reifyNode:node_modules/@esbuild/win32-ia32 Completed in 32ms
155 timing reifyNode:node_modules/@esbuild/win32-arm64 Completed in 32ms
156 timing reifyNode:node_modules/@esbuild/sunos-x64 Completed in 32ms
157 timing reifyNode:node_modules/@esbuild/openbsd-x64 Completed in 32ms
158 timing reifyNode:node_modules/@esbuild/netbsd-x64 Completed in 32ms
159 timing reifyNode:node_modules/@esbuild/linux-x64 Completed in 32ms
160 timing reifyNode:node_modules/@esbuild/linux-s390x Completed in 31ms
161 timing reifyNode:node_modules/@esbuild/linux-riscv64 Completed in 31ms
162 timing reifyNode:node_modules/@esbuild/linux-ppc64 Completed in 31ms
163 timing reifyNode:node_modules/@esbuild/linux-mips64el Completed in 32ms
164 timing reifyNode:node_modules/@esbuild/linux-loong64 Completed in 32ms
165 timing reifyNode:node_modules/@esbuild/linux-ia32 Completed in 32ms
166 timing reifyNode:node_modules/@esbuild/linux-arm64 Completed in 32ms
167 timing reifyNode:node_modules/@esbuild/linux-arm Completed in 32ms
168 timing reifyNode:node_modules/@esbuild/freebsd-x64 Completed in 32ms
169 timing reifyNode:node_modules/@esbuild/freebsd-arm64 Completed in 32ms
170 timing reifyNode:node_modules/@esbuild/darwin-x64 Completed in 32ms
171 timing reifyNode:node_modules/@esbuild/darwin-arm64 Completed in 32ms
172 timing reifyNode:node_modules/@esbuild/android-x64 Completed in 32ms
173 timing reifyNode:node_modules/@esbuild/android-arm64 Completed in 32ms
174 timing reifyNode:node_modules/@esbuild/android-arm Completed in 32ms
175 timing reifyNode:node_modules/@esbuild/aix-ppc64 Completed in 32ms
176 timing reifyNode:node_modules/ms Completed in 580ms
177 timing reifyNode:node_modules/@types/babel__generator Completed in 582ms
178 timing reifyNode:node_modules/@types/babel__template Completed in 583ms
179 timing reifyNode:node_modules/lru-cache Completed in 588ms
180 timing reifyNode:node_modules/convert-source-map Completed in 592ms
181 timing reifyNode:node_modules/@types/babel__core Completed in 607ms
182 timing reifyNode:node_modules/yallist Completed in 640ms
183 timing reifyNode:node_modules/mime-types Completed in 640ms
184 timing reifyNode:node_modules/combined-stream Completed in 642ms
185 timing reifyNode:node_modules/@types/estree Completed in 644ms
186 timing reifyNode:node_modules/@babel/plugin-transform-react-jsx-source Completed in 643ms
187 timing reifyNode:node_modules/js-tokens Completed in 646ms
188 timing reifyNode:node_modules/@types/babel__traverse Completed in 645ms
189 timing reifyNode:node_modules/@babel/helper-plugin-utils Completed in 644ms
190 timing reifyNode:node_modules/@babel/plugin-transform-react-jsx-self Completed in 645ms
191 timing reifyNode:node_modules/@babel/code-frame Completed in 666ms
192 timing reifyNode:node_modules/@babel/helper-string-parser Completed in 673ms
193 timing reifyNode:node_modules/delayed-stream Completed in 679ms
194 timing reifyNode:node_modules/@rolldown/pluginutils Completed in 680ms
195 timing reifyNode:node_modules/@babel/helper-globals Completed in 687ms
196 timing reifyNode:node_modules/node-releases Completed in 692ms
197 timing reifyNode:node_modules/picocolors Completed in 697ms
198 timing reifyNode:node_modules/jsesc Completed in 699ms
199 timing reifyNode:node_modules/semver Completed in 705ms
200 timing reifyNode:node_modules/proxy-from-env Completed in 708ms
201 timing reifyNode:node_modules/follow-redirects Completed in 719ms
202 timing reifyNode:node_modules/debug Completed in 720ms
203 timing reifyNode:node_modules/gensync Completed in 729ms
204 timing reifyNode:node_modules/loose-envify Completed in 734ms
205 timing reifyNode:node_modules/update-browserslist-db Completed in 743ms
206 timing reifyNode:node_modules/@jridgewell/resolve-uri Completed in 782ms
207 timing reifyNode:node_modules/mime-db Completed in 786ms
208 timing reifyNode:node_modules/@vitejs/plugin-react Completed in 798ms
209 timing reifyNode:node_modules/esbuild Completed in 798ms
210 timing reifyNode:node_modules/form-data Completed in 816ms
211 timing reifyNode:node_modules/@babel/helper-validator-option Completed in 816ms
212 timing reifyNode:node_modules/@babel/helper-validator-identifier Completed in 844ms
213 timing reifyNode:node_modules/hasown Completed in 858ms
214 timing reifyNode:node_modules/react-refresh Completed in 862ms
215 timing reifyNode:node_modules/get-intrinsic Completed in 862ms
216 timing reifyNode:node_modules/es-set-tostringtag Completed in 867ms
217 timing reifyNode:node_modules/baseline-browser-mapping Completed in 881ms
218 timing reifyNode:node_modules/escalade Completed in 900ms
219 timing reifyNode:node_modules/browserslist Completed in 901ms
220 timing reifyNode:node_modules/es-define-property Completed in 906ms
221 timing reifyNode:node_modules/@babel/helper-module-imports Completed in 941ms
222 timing reifyNode:node_modules/gopd Completed in 959ms
223 timing reifyNode:node_modules/function-bind Completed in 968ms
224 timing reifyNode:node_modules/electron-to-chromium Completed in 1011ms
225 timing reifyNode:node_modules/dunder-proto Completed in 1023ms
226 timing reifyNode:node_modules/get-proto Completed in 1029ms
227 timing reifyNode:node_modules/@babel/compat-data Completed in 1036ms
228 timing reifyNode:node_modules/es-object-atoms Completed in 1047ms
229 timing reifyNode:node_modules/has-tostringtag Completed in 1064ms
230 timing reifyNode:node_modules/has-symbols Completed in 1069ms
231 timing reifyNode:node_modules/@babel/helper-compilation-targets Completed in 1077ms
232 timing reifyNode:node_modules/scheduler Completed in 1106ms
233 timing reifyNode:node_modules/@babel/helper-module-transforms Completed in 1112ms
234 timing reifyNode:node_modules/source-map-js Completed in 1117ms
235 timing reifyNode:node_modules/asynckit Completed in 1117ms
236 timing reifyNode:node_modules/@babel/template Completed in 1119ms
237 timing reifyNode:node_modules/call-bind-apply-helpers Completed in 1140ms
238 timing reifyNode:node_modules/es-errors Completed in 1151ms
239 timing reifyNode:node_modules/json5 Completed in 1174ms
240 timing reifyNode:node_modules/react Completed in 1198ms
241 timing reifyNode:node_modules/nanoid Completed in 1214ms
242 timing reifyNode:node_modules/@jridgewell/sourcemap-codec Completed in 1244ms
243 timing reifyNode:node_modules/@jridgewell/gen-mapping Completed in 1303ms
244 timing reifyNode:node_modules/@rollup/rollup-win32-x64-gnu Completed in 1308ms
245 timing reifyNode:node_modules/@jridgewell/remapping Completed in 1309ms
246 timing reifyNode:node_modules/react-router Completed in 1323ms
247 timing reifyNode:node_modules/react-router-dom Completed in 1361ms
248 timing reifyNode:node_modules/math-intrinsics Completed in 1369ms
249 timing reifyNode:node_modules/@babel/parser Completed in 1370ms
250 timing reifyNode:node_modules/@rollup/rollup-win32-x64-msvc Completed in 1411ms
251 timing reifyNode:node_modules/@jridgewell/trace-mapping Completed in 1525ms
252 timing reifyNode:node_modules/@babel/generator Completed in 1534ms
253 timing reifyNode:node_modules/postcss Completed in 1565ms
254 timing reifyNode:node_modules/@remix-run/router Completed in 1634ms
255 timing reifyNode:node_modules/rollup Completed in 1691ms
256 timing reifyNode:node_modules/@babel/traverse Completed in 1988ms
257 timing reifyNode:node_modules/vite Completed in 2093ms
258 timing reifyNode:node_modules/react-dom Completed in 2352ms
259 timing reifyNode:node_modules/@esbuild/win32-x64 Completed in 2446ms
260 timing reifyNode:node_modules/axios Completed in 2465ms
261 timing reifyNode:node_modules/@babel/core Completed in 2487ms
262 timing reifyNode:node_modules/@babel/types Completed in 2730ms
263 timing reifyNode:node_modules/@babel/helpers Completed in 2783ms
264 timing reifyNode:node_modules/caniuse-lite Completed in 3934ms
265 timing reify:unpack Completed in 3937ms
266 timing reify:unretire Completed in 1ms
267 timing build:queue Completed in 12ms
268 timing build:link:node_modules/esbuild Completed in 29ms
269 timing build:link:node_modules/browserslist Completed in 30ms
270 timing build:link:node_modules/jsesc Completed in 30ms
271 timing build:link:node_modules/json5 Completed in 30ms
272 timing build:link:node_modules/semver Completed in 29ms
273 timing build:link:node_modules/update-browserslist-db Completed in 28ms
274 timing build:link:node_modules/loose-envify Completed in 29ms
275 timing build:link:node_modules/rollup Completed in 29ms
276 timing build:link:node_modules/@babel/parser Completed in 32ms
277 timing build:link:node_modules/baseline-browser-mapping Completed in 31ms
278 timing build:link:node_modules/vite Completed in 29ms
279 timing build:link:node_modules/nanoid Completed in 30ms
280 timing build:link Completed in 33ms
281 info run esbuild@0.21.5 postinstall node_modules/esbuild node install.js
282 info run esbuild@0.21.5 postinstall { code: 0, signal: null }
283 timing build:run:postinstall:node_modules/esbuild Completed in 291ms
284 timing build:run:postinstall Completed in 291ms
285 timing build:deps Completed in 337ms
286 timing build Completed in 338ms
287 timing reify:build Completed in 338ms
288 timing reify:trash Completed in 4ms
289 timing reify Completed in 4346ms
290 silly ADD node_modules/yallist
291 silly ADD node_modules/vite
292 silly ADD node_modules/update-browserslist-db
293 silly ADD node_modules/source-map-js
294 silly ADD node_modules/semver
295 silly ADD node_modules/scheduler
296 silly ADD node_modules/rollup
297 silly ADD node_modules/react-router-dom
298 silly ADD node_modules/react-router
299 silly ADD node_modules/react-refresh
300 silly ADD node_modules/react-dom
301 silly ADD node_modules/react
302 silly ADD node_modules/proxy-from-env
303 silly ADD node_modules/postcss
304 silly ADD node_modules/picocolors
305 silly ADD node_modules/node-releases
306 silly ADD node_modules/nanoid
307 silly ADD node_modules/ms
308 silly ADD node_modules/mime-types
309 silly ADD node_modules/mime-db
310 silly ADD node_modules/math-intrinsics
311 silly ADD node_modules/lru-cache
312 silly ADD node_modules/loose-envify
313 silly ADD node_modules/json5
314 silly ADD node_modules/jsesc
315 silly ADD node_modules/js-tokens
316 silly ADD node_modules/hasown
317 silly ADD node_modules/has-tostringtag
318 silly ADD node_modules/has-symbols
319 silly ADD node_modules/gopd
320 silly ADD node_modules/get-proto
321 silly ADD node_modules/get-intrinsic
322 silly ADD node_modules/gensync
323 silly ADD node_modules/function-bind
324 silly ADD
325 silly ADD node_modules/form-data
326 silly ADD node_modules/follow-redirects
327 silly ADD node_modules/escalade
328 silly ADD node_modules/esbuild
329 silly ADD node_modules/es-set-tostringtag
330 silly ADD node_modules/es-object-atoms
331 silly ADD node_modules/es-errors
332 silly ADD node_modules/es-define-property
333 silly ADD node_modules/electron-to-chromium
334 silly ADD node_modules/dunder-proto
335 silly ADD node_modules/delayed-stream
336 silly ADD node_modules/debug
337 silly ADD node_modules/convert-source-map
338 silly ADD node_modules/combined-stream
339 silly ADD node_modules/caniuse-lite
340 silly ADD node_modules/call-bind-apply-helpers
341 silly ADD node_modules/browserslist
342 silly ADD node_modules/baseline-browser-mapping
343 silly ADD node_modules/axios
344 silly ADD node_modules/asynckit
345 silly ADD node_modules/@vitejs/plugin-react
346 silly ADD node_modules/@types/estree
347 silly ADD node_modules/@types/babel__traverse
348 silly ADD node_modules/@types/babel__template
349 silly ADD node_modules/@types/babel__generator
350 silly ADD node_modules/@types/babel__core
351 silly ADD node_modules/@rollup/rollup-win32-x64-msvc
352 silly ADD node_modules/@rollup/rollup-win32-x64-gnu
353 silly ADD
354 silly ADD
355 silly ADD
356 silly ADD
357 silly ADD
358 silly ADD
359 silly ADD
360 silly ADD
361 silly ADD
362 silly ADD
363 silly ADD
364 silly ADD
365 silly ADD
366 silly ADD
367 silly ADD
368 silly ADD
369 silly ADD
370 silly ADD
371 silly ADD
372 silly ADD
373 silly ADD node_modules/@rolldown/pluginutils
374 silly ADD node_modules/@remix-run/router
375 silly ADD node_modules/@jridgewell/trace-mapping
376 silly ADD node_modules/@jridgewell/sourcemap-codec
377 silly ADD node_modules/@jridgewell/resolve-uri
378 silly ADD node_modules/@jridgewell/remapping
379 silly ADD node_modules/@jridgewell/gen-mapping
380 silly ADD node_modules/@esbuild/win32-x64
381 silly ADD
382 silly ADD
383 silly ADD
384 silly ADD
385 silly ADD
386 silly ADD
387 silly ADD
388 silly ADD
389 silly ADD
390 silly ADD
391 silly ADD
392 silly ADD
393 silly ADD
394 silly ADD
395 silly ADD
396 silly ADD
397 silly ADD
398 silly ADD
399 silly ADD
400 silly ADD
401 silly ADD
402 silly ADD
403 silly ADD node_modules/@babel/types
404 silly ADD node_modules/@babel/traverse
405 silly ADD node_modules/@babel/template
406 silly ADD node_modules/@babel/plugin-transform-react-jsx-source
407 silly ADD node_modules/@babel/plugin-transform-react-jsx-self
408 silly ADD node_modules/@babel/parser
409 silly ADD node_modules/@babel/helpers
410 silly ADD node_modules/@babel/helper-validator-option
411 silly ADD node_modules/@babel/helper-validator-identifier
412 silly ADD node_modules/@babel/helper-string-parser
413 silly ADD node_modules/@babel/helper-plugin-utils
414 silly ADD node_modules/@babel/helper-module-transforms
415 silly ADD node_modules/@babel/helper-module-imports
416 silly ADD node_modules/@babel/helper-globals
417 silly ADD node_modules/@babel/helper-compilation-targets
418 silly ADD node_modules/@babel/generator
419 silly ADD node_modules/@babel/core
420 silly ADD node_modules/@babel/compat-data
421 silly ADD node_modules/@babel/code-frame
422 timing command:ci Completed in 4820ms
423 verbose exit 0
424 timing npm Completed in 5279ms
425 info ok
