0 verbose cli C:\Users\Pablo\OneDrive\Escritorio\future-academy\frontend\node\node.exe C:\Users\Pablo\OneDrive\Escritorio\future-academy\frontend\node\node_modules\npm\bin\npm-cli.js
1 info using npm@9.8.1
2 info using node@v20.19.0
3 timing npm:load:whichnode Completed in 2ms
4 timing config:load:defaults Completed in 2ms
5 timing config:load:file:C:\Users\Pablo\OneDrive\Escritorio\future-academy\frontend\node\node_modules\npm\npmrc Completed in 3ms
6 timing config:load:builtin Completed in 4ms
7 timing config:load:cli Completed in 2ms
8 timing config:load:env Completed in 1ms
9 timing config:load:file:C:\Users\Pablo\OneDrive\Escritorio\future-academy\frontend\.npmrc Completed in 0ms
10 timing config:load:project Completed in 3ms
11 timing config:load:file:C:\Users\Pablo\.npmrc Completed in 1ms
12 timing config:load:user Completed in 1ms
13 timing config:load:file:C:\Users\Pablo\OneDrive\Escritorio\future-academy\frontend\node\etc\npmrc Completed in 0ms
14 timing config:load:global Completed in 0ms
15 timing config:load:setEnvs Completed in 1ms
16 timing config:load Completed in 14ms
17 timing npm:load:configload Completed in 14ms
18 timing config:load:flatten Completed in 3ms
19 timing npm:load:mkdirpcache Completed in 0ms
20 timing npm:load:mkdirplogs Completed in 0ms
21 verbose title npm ci
22 verbose argv "ci" "--no-audit" "--no-fund" "--cache" ".npm-cache"
23 timing npm:load:setTitle Completed in 1ms
24 timing npm:load:display Completed in 1ms
25 verbose logfile logs-max:10 dir:C:\Users\Pablo\OneDrive\Escritorio\future-academy\frontend\.npm-cache\_logs\2025-10-28T00_49_58_761Z-
26 verbose logfile C:\Users\Pablo\OneDrive\Escritorio\future-academy\frontend\.npm-cache\_logs\2025-10-28T00_49_58_761Z-debug-0.log
27 timing npm:load:logFile Completed in 9ms
28 timing npm:load:timers Completed in 0ms
29 timing npm:load:configScope Completed in 0ms
30 timing npm:load Completed in 42ms
31 timing arborist:ctor Completed in 1ms
32 silly logfile done cleaning log files
33 timing idealTree:init Completed in 37ms
34 timing idealTree:userRequests Completed in 0ms
35 silly idealTree buildDeps
36 timing idealTree:#root Completed in 0ms
37 timing idealTree:buildDeps Completed in 2ms
38 timing idealTree:fixDepFlags Completed in 0ms
39 timing idealTree Completed in 43ms
40 timing npm-ci:rm Completed in 391ms
41 timing reify:loadTrees Completed in 5ms
42 timing reify:diffTrees Completed in 3ms
43 silly reify moves {}
44 timing reify:retireShallow Completed in 2ms
45 timing reify:createSparse Completed in 31ms
46 timing reify:loadBundles Completed in 0ms
47 verbose reify failed optional dependency C:\Users\Pablo\OneDrive\Escritorio\future-academy\frontend\node_modules\fsevents
48 silly reify mark deleted [
48 silly reify   'C:\\Users\\Pablo\\OneDrive\\Escritorio\\future-academy\\frontend\\node_modules\\fsevents'
48 silly reify ]
49 verbose reify failed optional dependency C:\Users\Pablo\OneDrive\Escritorio\future-academy\frontend\node_modules\@rollup\rollup-win32-ia32-msvc
50 silly reify mark deleted [
50 silly reify   'C:\\Users\\Pablo\\OneDrive\\Escritorio\\future-academy\\frontend\\node_modules\\@rollup\\rollup-win32-ia32-msvc'
50 silly reify ]
51 verbose reify failed optional dependency C:\Users\Pablo\OneDrive\Escritorio\future-academy\frontend\node_modules\@rollup\rollup-win32-arm64-msvc
52 silly reify mark deleted [
52 silly reify   'C:\\Users\\Pablo\\OneDrive\\Escritorio\\future-academy\\frontend\\node_modules\\@rollup\\rollup-win32-arm64-msvc'
52 silly reify ]
53 verbose reify failed optional dependency C:\Users\Pablo\OneDrive\Escritorio\future-academy\frontend\node_modules\@rollup\rollup-openharmony-arm64
54 silly reify mark deleted [
54 silly reify   'C:\\Users\\Pablo\\OneDrive\\Escritorio\\future-academy\\frontend\\node_modules\\@rollup\\rollup-openharmony-arm64'
54 silly reify ]
55 verbose reify failed optional dependency C:\Users\Pablo\OneDrive\Escritorio\future-academy\frontend\node_modules\@rollup\rollup-linux-x64-musl
56 silly reify mark deleted [
56 silly reify   'C:\\Users\\Pablo\\OneDrive\\Escritorio\\future-academy\\frontend\\node_modules\\@rollup\\rollup-linux-x64-musl'
56 silly reify ]
57 verbose reify failed optional dependency C:\Users\Pablo\OneDrive\Escritorio\future-academy\frontend\node_modules\@rollup\rollup-linux-x64-gnu
58 silly reify mark deleted [
58 silly reify   'C:\\Users\\Pablo\\OneDrive\\Escritorio\\future-academy\\frontend\\node_modules\\@rollup\\rollup-linux-x64-gnu'
58 silly reify ]
59 verbose reify failed optional dependency C:\Users\Pablo\OneDrive\Escritorio\future-academy\frontend\node_modules\@rollup\rollup-linux-s390x-gnu
60 silly reify mark deleted [
60 silly reify   'C:\\Users\\Pablo\\OneDrive\\Escritorio\\future-academy\\frontend\\node_modules\\@rollup\\rollup-linux-s390x-gnu'
60 silly reify ]
61 verbose reify failed optional dependency C:\Users\Pablo\OneDrive\Escritorio\future-academy\frontend\node_modules\@rollup\rollup-linux-riscv64-musl
62 silly reify mark deleted [
62 silly reify   'C:\\Users\\Pablo\\OneDrive\\Escritorio\\future-academy\\frontend\\node_modules\\@rollup\\rollup-linux-riscv64-musl'
62 silly reify ]
63 verbose reify failed optional dependency C:\Users\Pablo\OneDrive\Escritorio\future-academy\frontend\node_modules\@rollup\rollup-linux-riscv64-gnu
64 silly reify mark deleted [
64 silly reify   'C:\\Users\\Pablo\\OneDrive\\Escritorio\\future-academy\\frontend\\node_modules\\@rollup\\rollup-linux-riscv64-gnu'
64 silly reify ]
65 verbose reify failed optional dependency C:\Users\Pablo\OneDrive\Escritorio\future-academy\frontend\node_modules\@rollup\rollup-linux-ppc64-gnu
66 silly reify mark deleted [
66 silly reify   'C:\\Users\\Pablo\\OneDrive\\Escritorio\\future-academy\\frontend\\node_modules\\@rollup\\rollup-linux-ppc64-gnu'
66 silly reify ]
67 verbose reify failed optional dependency C:\Users\Pablo\OneDrive\Escritorio\future-academy\frontend\node_modules\@rollup\rollup-linux-loong64-gnu
68 silly reify mark deleted [
68 silly reify   'C:\\Users\\Pablo\\OneDrive\\Escritorio\\future-academy\\frontend\\node_modules\\@rollup\\rollup-linux-loong64-gnu'
68 silly reify ]
69 verbose reify failed optional dependency C:\Users\Pablo\OneDrive\Escritorio\future-academy\frontend\node_modules\@rollup\rollup-linux-arm64-musl
70 silly reify mark deleted [
70 silly reify   'C:\\Users\\Pablo\\OneDrive\\Escritorio\\future-academy\\frontend\\node_modules\\@rollup\\rollup-linux-arm64-musl'
70 silly reify ]
71 verbose reify failed optional dependency C:\Users\Pablo\OneDrive\Escritorio\future-academy\frontend\node_modules\@rollup\rollup-linux-arm64-gnu
72 silly reify mark deleted [
72 silly reify   'C:\\Users\\Pablo\\OneDrive\\Escritorio\\future-academy\\frontend\\node_modules\\@rollup\\rollup-linux-arm64-gnu'
72 silly reify ]
73 verbose reify failed optional dependency C:\Users\Pablo\OneDrive\Escritorio\future-academy\frontend\node_modules\@rollup\rollup-linux-arm-musleabihf
74 silly reify mark deleted [
74 silly reify   'C:\\Users\\Pablo\\OneDrive\\Escritorio\\future-academy\\frontend\\node_modules\\@rollup\\rollup-linux-arm-musleabihf'
74 silly reify ]
75 verbose reify failed optional dependency C:\Users\Pablo\OneDrive\Escritorio\future-academy\frontend\node_modules\@rollup\rollup-linux-arm-gnueabihf
76 silly reify mark deleted [
76 silly reify   'C:\\Users\\Pablo\\OneDrive\\Escritorio\\future-academy\\frontend\\node_modules\\@rollup\\rollup-linux-arm-gnueabihf'
76 silly reify ]
77 verbose reify failed optional dependency C:\Users\Pablo\OneDrive\Escritorio\future-academy\frontend\node_modules\@rollup\rollup-freebsd-x64
78 silly reify mark deleted [
78 silly reify   'C:\\Users\\Pablo\\OneDrive\\Escritorio\\future-academy\\frontend\\node_modules\\@rollup\\rollup-freebsd-x64'
78 silly reify ]
79 verbose reify failed optional dependency C:\Users\Pablo\OneDrive\Escritorio\future-academy\frontend\node_modules\@rollup\rollup-freebsd-arm64
80 silly reify mark deleted [
80 silly reify   'C:\\Users\\Pablo\\OneDrive\\Escritorio\\future-academy\\frontend\\node_modules\\@rollup\\rollup-freebsd-arm64'
80 silly reify ]
81 verbose reify failed optional dependency C:\Users\Pablo\OneDrive\Escritorio\future-academy\frontend\node_modules\@rollup\rollup-darwin-x64
82 silly reify mark deleted [
82 silly reify   'C:\\Users\\Pablo\\OneDrive\\Escritorio\\future-academy\\frontend\\node_modules\\@rollup\\rollup-darwin-x64'
82 silly reify ]
83 verbose reify failed optional dependency C:\Users\Pablo\OneDrive\Escritorio\future-academy\frontend\node_modules\@rollup\rollup-darwin-arm64
84 silly reify mark deleted [
84 silly reify   'C:\\Users\\Pablo\\OneDrive\\Escritorio\\future-academy\\frontend\\node_modules\\@rollup\\rollup-darwin-arm64'
84 silly reify ]
85 verbose reify failed optional dependency C:\Users\Pablo\OneDrive\Escritorio\future-academy\frontend\node_modules\@rollup\rollup-android-arm64
86 silly reify mark deleted [
86 silly reify   'C:\\Users\\Pablo\\OneDrive\\Escritorio\\future-academy\\frontend\\node_modules\\@rollup\\rollup-android-arm64'
86 silly reify ]
87 verbose reify failed optional dependency C:\Users\Pablo\OneDrive\Escritorio\future-academy\frontend\node_modules\@rollup\rollup-android-arm-eabi
88 silly reify mark deleted [
88 silly reify   'C:\\Users\\Pablo\\OneDrive\\Escritorio\\future-academy\\frontend\\node_modules\\@rollup\\rollup-android-arm-eabi'
88 silly reify ]
89 verbose reify failed optional dependency C:\Users\Pablo\OneDrive\Escritorio\future-academy\frontend\node_modules\@esbuild\win32-ia32
90 silly reify mark deleted [
90 silly reify   'C:\\Users\\Pablo\\OneDrive\\Escritorio\\future-academy\\frontend\\node_modules\\@esbuild\\win32-ia32'
90 silly reify ]
91 verbose reify failed optional dependency C:\Users\Pablo\OneDrive\Escritorio\future-academy\frontend\node_modules\@esbuild\win32-arm64
92 silly reify mark deleted [
92 silly reify   'C:\\Users\\Pablo\\OneDrive\\Escritorio\\future-academy\\frontend\\node_modules\\@esbuild\\win32-arm64'
92 silly reify ]
93 verbose reify failed optional dependency C:\Users\Pablo\OneDrive\Escritorio\future-academy\frontend\node_modules\@esbuild\sunos-x64
94 silly reify mark deleted [
94 silly reify   'C:\\Users\\Pablo\\OneDrive\\Escritorio\\future-academy\\frontend\\node_modules\\@esbuild\\sunos-x64'
94 silly reify ]
95 verbose reify failed optional dependency C:\Users\Pablo\OneDrive\Escritorio\future-academy\frontend\node_modules\@esbuild\openbsd-x64
96 silly reify mark deleted [
96 silly reify   'C:\\Users\\Pablo\\OneDrive\\Escritorio\\future-academy\\frontend\\node_modules\\@esbuild\\openbsd-x64'
96 silly reify ]
97 verbose reify failed optional dependency C:\Users\Pablo\OneDrive\Escritorio\future-academy\frontend\node_modules\@esbuild\netbsd-x64
98 silly reify mark deleted [
98 silly reify   'C:\\Users\\Pablo\\OneDrive\\Escritorio\\future-academy\\frontend\\node_modules\\@esbuild\\netbsd-x64'
98 silly reify ]
99 verbose reify failed optional dependency C:\Users\Pablo\OneDrive\Escritorio\future-academy\frontend\node_modules\@esbuild\linux-x64
100 silly reify mark deleted [
100 silly reify   'C:\\Users\\Pablo\\OneDrive\\Escritorio\\future-academy\\frontend\\node_modules\\@esbuild\\linux-x64'
100 silly reify ]
101 verbose reify failed optional dependency C:\Users\Pablo\OneDrive\Escritorio\future-academy\frontend\node_modules\@esbuild\linux-s390x
102 silly reify mark deleted [
102 silly reify   'C:\\Users\\Pablo\\OneDrive\\Escritorio\\future-academy\\frontend\\node_modules\\@esbuild\\linux-s390x'
102 silly reify ]
103 verbose reify failed optional dependency C:\Users\Pablo\OneDrive\Escritorio\future-academy\frontend\node_modules\@esbuild\linux-riscv64
104 silly reify mark deleted [
104 silly reify   'C:\\Users\\Pablo\\OneDrive\\Escritorio\\future-academy\\frontend\\node_modules\\@esbuild\\linux-riscv64'
104 silly reify ]
105 verbose reify failed optional dependency C:\Users\Pablo\OneDrive\Escritorio\future-academy\frontend\node_modules\@esbuild\linux-ppc64
106 silly reify mark deleted [
106 silly reify   'C:\\Users\\Pablo\\OneDrive\\Escritorio\\future-academy\\frontend\\node_modules\\@esbuild\\linux-ppc64'
106 silly reify ]
107 verbose reify failed optional dependency C:\Users\Pablo\OneDrive\Escritorio\future-academy\frontend\node_modules\@esbuild\linux-mips64el
108 silly reify mark deleted [
108 silly reify   'C:\\Users\\Pablo\\OneDrive\\Escritorio\\future-academy\\frontend\\node_modules\\@esbuild\\linux-mips64el'
108 silly reify ]
109 verbose reify failed optional dependency C:\Users\Pablo\OneDrive\Escritorio\future-academy\frontend\node_modules\@esbuild\linux-loong64
110 silly reify mark deleted [
110 silly reify   'C:\\Users\\Pablo\\OneDrive\\Escritorio\\future-academy\\frontend\\node_modules\\@esbuild\\linux-loong64'
110 silly reify ]
111 verbose reify failed optional dependency C:\Users\Pablo\OneDrive\Escritorio\future-academy\frontend\node_modules\@esbuild\linux-ia32
112 silly reify mark deleted [
112 silly reify   'C:\\Users\\Pablo\\OneDrive\\Escritorio\\future-academy\\frontend\\node_modules\\@esbuild\\linux-ia32'
112 silly reify ]
113 verbose reify failed optional dependency C:\Users\Pablo\OneDrive\Escritorio\future-academy\frontend\node_modules\@esbuild\linux-arm64
114 silly reify mark deleted [
114 silly reify   'C:\\Users\\Pablo\\OneDrive\\Escritorio\\future-academy\\frontend\\node_modules\\@esbuild\\linux-arm64'
114 silly reify ]
115 verbose reify failed optional dependency C:\Users\Pablo\OneDrive\Escritorio\future-academy\frontend\node_modules\@esbuild\linux-arm
116 silly reify mark deleted [
116 silly reify   'C:\\Users\\Pablo\\OneDrive\\Escritorio\\future-academy\\frontend\\node_modules\\@esbuild\\linux-arm'
116 silly reify ]
117 verbose reify failed optional dependency C:\Users\Pablo\OneDrive\Escritorio\future-academy\frontend\node_modules\@esbuild\freebsd-x64
118 silly reify mark deleted [
118 silly reify   'C:\\Users\\Pablo\\OneDrive\\Escritorio\\future-academy\\frontend\\node_modules\\@esbuild\\freebsd-x64'
118 silly reify ]
119 verbose reify failed optional dependency C:\Users\Pablo\OneDrive\Escritorio\future-academy\frontend\node_modules\@esbuild\freebsd-arm64
120 silly reify mark deleted [
120 silly reify   'C:\\Users\\Pablo\\OneDrive\\Escritorio\\future-academy\\frontend\\node_modules\\@esbuild\\freebsd-arm64'
120 silly reify ]
121 verbose reify failed optional dependency C:\Users\Pablo\OneDrive\Escritorio\future-academy\frontend\node_modules\@esbuild\darwin-x64
122 silly reify mark deleted [
122 silly reify   'C:\\Users\\Pablo\\OneDrive\\Escritorio\\future-academy\\frontend\\node_modules\\@esbuild\\darwin-x64'
122 silly reify ]
123 verbose reify failed optional dependency C:\Users\Pablo\OneDrive\Escritorio\future-academy\frontend\node_modules\@esbuild\darwin-arm64
124 silly reify mark deleted [
124 silly reify   'C:\\Users\\Pablo\\OneDrive\\Escritorio\\future-academy\\frontend\\node_modules\\@esbuild\\darwin-arm64'
124 silly reify ]
125 verbose reify failed optional dependency C:\Users\Pablo\OneDrive\Escritorio\future-academy\frontend\node_modules\@esbuild\android-x64
126 silly reify mark deleted [
126 silly reify   'C:\\Users\\Pablo\\OneDrive\\Escritorio\\future-academy\\frontend\\node_modules\\@esbuild\\android-x64'
126 silly reify ]
127 verbose reify failed optional dependency C:\Users\Pablo\OneDrive\Escritorio\future-academy\frontend\node_modules\@esbuild\android-arm64
128 silly reify mark deleted [
128 silly reify   'C:\\Users\\Pablo\\OneDrive\\Escritorio\\future-academy\\frontend\\node_modules\\@esbuild\\android-arm64'
128 silly reify ]
129 verbose reify failed optional dependency C:\Users\Pablo\OneDrive\Escritorio\future-academy\frontend\node_modules\@esbuild\android-arm
130 silly reify mark deleted [
130 silly reify   'C:\\Users\\Pablo\\OneDrive\\Escritorio\\future-academy\\frontend\\node_modules\\@esbuild\\android-arm'
130 silly reify ]
131 verbose reify failed optional dependency C:\Users\Pablo\OneDrive\Escritorio\future-academy\frontend\node_modules\@esbuild\aix-ppc64
132 silly reify mark deleted [
132 silly reify   'C:\\Users\\Pablo\\OneDrive\\Escritorio\\future-academy\\frontend\\node_modules\\@esbuild\\aix-ppc64'
132 silly reify ]
133 timing reifyNode:node_modules/fsevents Completed in 28ms
134 timing reifyNode:node_modules/@rollup/rollup-win32-ia32-msvc Completed in 27ms
135 timing reifyNode:node_modules/@rollup/rollup-win32-arm64-msvc Completed in 27ms
136 timing reifyNode:node_modules/@rollup/rollup-openharmony-arm64 Completed in 27ms
137 timing reifyNode:node_modules/@rollup/rollup-linux-x64-musl Completed in 27ms
138 timing reifyNode:node_modules/@rollup/rollup-linux-x64-gnu Completed in 27ms
139 timing reifyNode:node_modules/@rollup/rollup-linux-s390x-gnu Completed in 27ms
140 timing reifyNode:node_modules/@rollup/rollup-linux-riscv64-musl Completed in 27ms
141 timing reifyNode:node_modules/@rollup/rollup-linux-riscv64-gnu Completed in 27ms
142 timing reifyNode:node_modules/@rollup/rollup-linux-ppc64-gnu Completed in 27ms
143 timing reifyNode:node_modules/@rollup/rollup-linux-loong64-gnu Completed in 27ms
144 timing reifyNode:node_modules/@rollup/rollup-linux-arm64-musl Completed in 27ms
145 timing reifyNode:node_modules/@rollup/rollup-linux-arm64-gnu Completed in 27ms
146 timing reifyNode:node_modules/@rollup/rollup-linux-arm-musleabihf Completed in 27ms
147 timing reifyNode:node_modules/@rollup/rollup-linux-arm-gnueabihf Completed in 27ms
148 timing reifyNode:node_modules/@rollup/rollup-freebsd-x64 Completed in 27ms
149 timing reifyNode:node_modules/@rollup/rollup-freebsd-arm64 Completed in 28ms
150 timing reifyNode:node_modules/@rollup/rollup-darwin-x64 Completed in 28ms
151 timing reifyNode:node_modules/@rollup/rollup-darwin-arm64 Completed in 28ms
152 timing reifyNode:node_modules/@rollup/rollup-android-arm64 Completed in 28ms
153 timing reifyNode:node_modules/@rollup/rollup-android-arm-eabi Completed in 28ms
154 timing reifyNode:node_modules/@esbuild/win32-ia32 Completed in 27ms
155 timing reifyNode:node_modules/@esbuild/win32-arm64 Completed in 27ms
156 timing reifyNode:node_modules/@esbuild/sunos-x64 Completed in 27ms
157 timing reifyNode:node_modules/@esbuild/openbsd-x64 Completed in 27ms
158 timing reifyNode:node_modules/@esbuild/netbsd-x64 Completed in 27ms
159 timing reifyNode:node_modules/@esbuild/linux-x64 Completed in 27ms
160 timing reifyNode:node_modules/@esbuild/linux-s390x Completed in 27ms
161 timing reifyNode:node_modules/@esbuild/linux-riscv64 Completed in 27ms
162 timing reifyNode:node_modules/@esbuild/linux-ppc64 Completed in 27ms
163 timing reifyNode:node_modules/@esbuild/linux-mips64el Completed in 27ms
164 timing reifyNode:node_modules/@esbuild/linux-loong64 Completed in 27ms
165 timing reifyNode:node_modules/@esbuild/linux-ia32 Completed in 27ms
166 timing reifyNode:node_modules/@esbuild/linux-arm64 Completed in 27ms
167 timing reifyNode:node_modules/@esbuild/linux-arm Completed in 27ms
168 timing reifyNode:node_modules/@esbuild/freebsd-x64 Completed in 27ms
169 timing reifyNode:node_modules/@esbuild/freebsd-arm64 Completed in 27ms
170 timing reifyNode:node_modules/@esbuild/darwin-x64 Completed in 28ms
171 timing reifyNode:node_modules/@esbuild/darwin-arm64 Completed in 28ms
172 timing reifyNode:node_modules/@esbuild/android-x64 Completed in 28ms
173 timing reifyNode:node_modules/@esbuild/android-arm64 Completed in 28ms
174 timing reifyNode:node_modules/@esbuild/android-arm Completed in 28ms
175 timing reifyNode:node_modules/@esbuild/aix-ppc64 Completed in 28ms
176 silly tarball no local data for yallist@https://registry.npmjs.org/yallist/-/yallist-3.1.1.tgz. Extracting by manifest.
177 silly tarball no local data for source-map-js@https://registry.npmjs.org/source-map-js/-/source-map-js-1.2.1.tgz. Extracting by manifest.
178 silly tarball no local data for vite@https://registry.npmjs.org/vite/-/vite-5.4.21.tgz. Extracting by manifest.
179 silly tarball no local data for update-browserslist-db@https://registry.npmjs.org/update-browserslist-db/-/update-browserslist-db-1.1.4.tgz. Extracting by manifest.
180 silly tarball no local data for semver@https://registry.npmjs.org/semver/-/semver-6.3.1.tgz. Extracting by manifest.
181 silly tarball no local data for react-router-dom@https://registry.npmjs.org/react-router-dom/-/react-router-dom-6.30.1.tgz. Extracting by manifest.
182 silly tarball no local data for scheduler@https://registry.npmjs.org/scheduler/-/scheduler-0.23.2.tgz. Extracting by manifest.
183 silly tarball no local data for react-router@https://registry.npmjs.org/react-router/-/react-router-6.30.1.tgz. Extracting by manifest.
184 silly tarball no local data for react-dom@https://registry.npmjs.org/react-dom/-/react-dom-18.3.1.tgz. Extracting by manifest.
185 silly tarball no local data for rollup@https://registry.npmjs.org/rollup/-/rollup-4.52.5.tgz. Extracting by manifest.
186 silly tarball no local data for react@https://registry.npmjs.org/react/-/react-18.3.1.tgz. Extracting by manifest.
187 silly tarball no local data for proxy-from-env@https://registry.npmjs.org/proxy-from-env/-/proxy-from-env-1.1.0.tgz. Extracting by manifest.
188 silly tarball no local data for postcss@https://registry.npmjs.org/postcss/-/postcss-8.5.6.tgz. Extracting by manifest.
189 silly tarball no local data for picocolors@https://registry.npmjs.org/picocolors/-/picocolors-1.1.1.tgz. Extracting by manifest.
190 silly tarball no local data for node-releases@https://registry.npmjs.org/node-releases/-/node-releases-2.0.26.tgz. Extracting by manifest.
191 silly tarball no local data for nanoid@https://registry.npmjs.org/nanoid/-/nanoid-3.3.11.tgz. Extracting by manifest.
192 silly tarball no local data for mime-types@https://registry.npmjs.org/mime-types/-/mime-types-2.1.35.tgz. Extracting by manifest.
193 silly tarball no local data for mime-db@https://registry.npmjs.org/mime-db/-/mime-db-1.52.0.tgz. Extracting by manifest.
194 silly tarball no local data for ms@https://registry.npmjs.org/ms/-/ms-2.1.3.tgz. Extracting by manifest.
195 silly tarball no local data for math-intrinsics@https://registry.npmjs.org/math-intrinsics/-/math-intrinsics-1.1.0.tgz. Extracting by manifest.
196 silly tarball no local data for lru-cache@https://registry.npmjs.org/lru-cache/-/lru-cache-5.1.1.tgz. Extracting by manifest.
197 silly tarball no local data for loose-envify@https://registry.npmjs.org/loose-envify/-/loose-envify-1.4.0.tgz. Extracting by manifest.
198 silly tarball no local data for json5@https://registry.npmjs.org/json5/-/json5-2.2.3.tgz. Extracting by manifest.
199 silly tarball no local data for js-tokens@https://registry.npmjs.org/js-tokens/-/js-tokens-4.0.0.tgz. Extracting by manifest.
200 silly tarball no local data for jsesc@https://registry.npmjs.org/jsesc/-/jsesc-3.1.0.tgz. Extracting by manifest.
201 silly tarball no local data for hasown@https://registry.npmjs.org/hasown/-/hasown-2.0.2.tgz. Extracting by manifest.
202 silly tarball no local data for has-tostringtag@https://registry.npmjs.org/has-tostringtag/-/has-tostringtag-1.0.2.tgz. Extracting by manifest.
203 silly tarball no local data for has-symbols@https://registry.npmjs.org/has-symbols/-/has-symbols-1.1.0.tgz. Extracting by manifest.
204 silly tarball no local data for gopd@https://registry.npmjs.org/gopd/-/gopd-1.2.0.tgz. Extracting by manifest.
205 silly tarball no local data for get-intrinsic@https://registry.npmjs.org/get-intrinsic/-/get-intrinsic-1.3.0.tgz. Extracting by manifest.
206 silly tarball no local data for get-proto@https://registry.npmjs.org/get-proto/-/get-proto-1.0.1.tgz. Extracting by manifest.
207 silly tarball no local data for gensync@https://registry.npmjs.org/gensync/-/gensync-1.0.0-beta.2.tgz. Extracting by manifest.
208 silly tarball no local data for form-data@https://registry.npmjs.org/form-data/-/form-data-4.0.4.tgz. Extracting by manifest.
209 silly tarball no local data for escalade@https://registry.npmjs.org/escalade/-/escalade-3.2.0.tgz. Extracting by manifest.
210 silly tarball no local data for react-refresh@https://registry.npmjs.org/react-refresh/-/react-refresh-0.17.0.tgz. Extracting by manifest.
211 silly tarball no local data for esbuild@https://registry.npmjs.org/esbuild/-/esbuild-0.21.5.tgz. Extracting by manifest.
212 silly tarball no local data for follow-redirects@https://registry.npmjs.org/follow-redirects/-/follow-redirects-1.15.11.tgz. Extracting by manifest.
213 silly tarball no local data for es-set-tostringtag@https://registry.npmjs.org/es-set-tostringtag/-/es-set-tostringtag-2.1.0.tgz. Extracting by manifest.
214 silly tarball no local data for es-errors@https://registry.npmjs.org/es-errors/-/es-errors-1.3.0.tgz. Extracting by manifest.
215 silly tarball no local data for es-define-property@https://registry.npmjs.org/es-define-property/-/es-define-property-1.0.1.tgz. Extracting by manifest.
216 silly tarball no local data for function-bind@https://registry.npmjs.org/function-bind/-/function-bind-1.1.2.tgz. Extracting by manifest.
217 silly tarball no local data for electron-to-chromium@https://registry.npmjs.org/electron-to-chromium/-/electron-to-chromium-1.5.240.tgz. Extracting by manifest.
218 silly tarball no local data for dunder-proto@https://registry.npmjs.org/dunder-proto/-/dunder-proto-1.0.1.tgz. Extracting by manifest.
219 silly tarball no local data for debug@https://registry.npmjs.org/debug/-/debug-4.4.3.tgz. Extracting by manifest.
220 silly tarball no local data for delayed-stream@https://registry.npmjs.org/delayed-stream/-/delayed-stream-1.0.0.tgz. Extracting by manifest.
221 silly tarball no local data for combined-stream@https://registry.npmjs.org/combined-stream/-/combined-stream-1.0.8.tgz. Extracting by manifest.
222 silly tarball no local data for convert-source-map@https://registry.npmjs.org/convert-source-map/-/convert-source-map-2.0.0.tgz. Extracting by manifest.
223 silly tarball no local data for browserslist@https://registry.npmjs.org/browserslist/-/browserslist-4.27.0.tgz. Extracting by manifest.
224 silly tarball no local data for call-bind-apply-helpers@https://registry.npmjs.org/call-bind-apply-helpers/-/call-bind-apply-helpers-1.0.2.tgz. Extracting by manifest.
225 silly tarball no local data for caniuse-lite@https://registry.npmjs.org/caniuse-lite/-/caniuse-lite-1.0.30001751.tgz. Extracting by manifest.
226 silly tarball no local data for @vitejs/plugin-react@https://registry.npmjs.org/@vitejs/plugin-react/-/plugin-react-4.7.0.tgz. Extracting by manifest.
227 silly tarball no local data for @types/estree@https://registry.npmjs.org/@types/estree/-/estree-1.0.8.tgz. Extracting by manifest.
228 silly tarball no local data for es-object-atoms@https://registry.npmjs.org/es-object-atoms/-/es-object-atoms-1.1.1.tgz. Extracting by manifest.
229 silly tarball no local data for asynckit@https://registry.npmjs.org/asynckit/-/asynckit-0.4.0.tgz. Extracting by manifest.
230 silly tarball no local data for axios@https://registry.npmjs.org/axios/-/axios-1.12.2.tgz. Extracting by manifest.
231 silly tarball no local data for @types/babel__traverse@https://registry.npmjs.org/@types/babel__traverse/-/babel__traverse-7.28.0.tgz. Extracting by manifest.
232 silly tarball no local data for @types/babel__template@https://registry.npmjs.org/@types/babel__template/-/babel__template-7.4.4.tgz. Extracting by manifest.
233 silly tarball no local data for @types/babel__core@https://registry.npmjs.org/@types/babel__core/-/babel__core-7.20.5.tgz. Extracting by manifest.
234 silly tarball no local data for @types/babel__generator@https://registry.npmjs.org/@types/babel__generator/-/babel__generator-7.27.0.tgz. Extracting by manifest.
235 silly tarball no local data for @rolldown/pluginutils@https://registry.npmjs.org/@rolldown/pluginutils/-/pluginutils-1.0.0-beta.27.tgz. Extracting by manifest.
236 silly tarball no local data for @remix-run/router@https://registry.npmjs.org/@remix-run/router/-/router-1.23.0.tgz. Extracting by manifest.
237 silly tarball no local data for @rollup/rollup-win32-x64-msvc@https://registry.npmjs.org/@rollup/rollup-win32-x64-msvc/-/rollup-win32-x64-msvc-4.52.5.tgz. Extracting by manifest.
238 silly tarball no local data for @rollup/rollup-win32-x64-gnu@https://registry.npmjs.org/@rollup/rollup-win32-x64-gnu/-/rollup-win32-x64-gnu-4.52.5.tgz. Extracting by manifest.
239 silly tarball no local data for @jridgewell/sourcemap-codec@https://registry.npmjs.org/@jridgewell/sourcemap-codec/-/sourcemap-codec-1.5.5.tgz. Extracting by manifest.
240 silly tarball no local data for @jridgewell/trace-mapping@https://registry.npmjs.org/@jridgewell/trace-mapping/-/trace-mapping-0.3.31.tgz. Extracting by manifest.
241 silly tarball no local data for @jridgewell/resolve-uri@https://registry.npmjs.org/@jridgewell/resolve-uri/-/resolve-uri-3.1.2.tgz. Extracting by manifest.
242 silly tarball no local data for @jridgewell/remapping@https://registry.npmjs.org/@jridgewell/remapping/-/remapping-2.3.5.tgz. Extracting by manifest.
243 silly tarball no local data for @jridgewell/gen-mapping@https://registry.npmjs.org/@jridgewell/gen-mapping/-/gen-mapping-0.3.13.tgz. Extracting by manifest.
244 silly tarball no local data for @esbuild/win32-x64@https://registry.npmjs.org/@esbuild/win32-x64/-/win32-x64-0.21.5.tgz. Extracting by manifest.
245 silly tarball no local data for @babel/traverse@https://registry.npmjs.org/@babel/traverse/-/traverse-7.28.5.tgz. Extracting by manifest.
246 silly tarball no local data for @babel/types@https://registry.npmjs.org/@babel/types/-/types-7.28.5.tgz. Extracting by manifest.
247 silly tarball no local data for @babel/template@https://registry.npmjs.org/@babel/template/-/template-7.27.2.tgz. Extracting by manifest.
248 silly tarball no local data for @babel/plugin-transform-react-jsx-source@https://registry.npmjs.org/@babel/plugin-transform-react-jsx-source/-/plugin-transform-react-jsx-source-7.27.1.tgz. Extracting by manifest.
249 silly tarball no local data for @babel/plugin-transform-react-jsx-self@https://registry.npmjs.org/@babel/plugin-transform-react-jsx-self/-/plugin-transform-react-jsx-self-7.27.1.tgz. Extracting by manifest.
250 silly tarball no local data for @babel/parser@https://registry.npmjs.org/@babel/parser/-/parser-7.28.5.tgz. Extracting by manifest.
251 silly tarball no local data for @babel/helpers@https://registry.npmjs.org/@babel/helpers/-/helpers-7.28.4.tgz. Extracting by manifest.
252 silly tarball no local data for @babel/helper-validator-option@https://registry.npmjs.org/@babel/helper-validator-option/-/helper-validator-option-7.27.1.tgz. Extracting by manifest.
253 silly tarball no local data for @babel/helper-validator-identifier@https://registry.npmjs.org/@babel/helper-validator-identifier/-/helper-validator-identifier-7.28.5.tgz. Extracting by manifest.
254 silly tarball no local data for @babel/helper-string-parser@https://registry.npmjs.org/@babel/helper-string-parser/-/helper-string-parser-7.27.1.tgz. Extracting by manifest.
255 silly tarball no local data for @babel/helper-plugin-utils@https://registry.npmjs.org/@babel/helper-plugin-utils/-/helper-plugin-utils-7.27.1.tgz. Extracting by manifest.
256 silly tarball no local data for @babel/helper-module-transforms@https://registry.npmjs.org/@babel/helper-module-transforms/-/helper-module-transforms-7.28.3.tgz. Extracting by manifest.
257 silly tarball no local data for @babel/helper-module-imports@https://registry.npmjs.org/@babel/helper-module-imports/-/helper-module-imports-7.27.1.tgz. Extracting by manifest.
258 silly tarball no local data for @babel/helper-compilation-targets@https://registry.npmjs.org/@babel/helper-compilation-targets/-/helper-compilation-targets-7.27.2.tgz. Extracting by manifest.
259 silly tarball no local data for @babel/helper-globals@https://registry.npmjs.org/@babel/helper-globals/-/helper-globals-7.28.0.tgz. Extracting by manifest.
260 silly tarball no local data for @babel/generator@https://registry.npmjs.org/@babel/generator/-/generator-7.28.5.tgz. Extracting by manifest.
261 silly tarball no local data for baseline-browser-mapping@https://registry.npmjs.org/baseline-browser-mapping/-/baseline-browser-mapping-2.8.20.tgz. Extracting by manifest.
262 silly tarball no local data for @babel/compat-data@https://registry.npmjs.org/@babel/compat-data/-/compat-data-7.28.5.tgz. Extracting by manifest.
263 silly tarball no local data for @babel/core@https://registry.npmjs.org/@babel/core/-/core-7.28.5.tgz. Extracting by manifest.
264 silly tarball no local data for @babel/code-frame@https://registry.npmjs.org/@babel/code-frame/-/code-frame-7.27.1.tgz. Extracting by manifest.
265 http fetch GET 200 https://registry.npmjs.org/yallist/-/yallist-3.1.1.tgz 199ms (cache miss)
266 timing reifyNode:node_modules/yallist Completed in 253ms
267 http fetch GET 200 https://registry.npmjs.org/npm 857ms (cache miss)
268 http fetch GET 200 https://registry.npmjs.org/nanoid/-/nanoid-3.3.11.tgz 271ms (cache miss)
269 timing reifyNode:node_modules/nanoid Completed in 367ms
270 http fetch GET 200 https://registry.npmjs.org/mime-types/-/mime-types-2.1.35.tgz 413ms (cache miss)
271 timing reifyNode:node_modules/mime-types Completed in 478ms
272 http fetch GET 200 https://registry.npmjs.org/picocolors/-/picocolors-1.1.1.tgz 430ms (cache miss)
273 timing reifyNode:node_modules/picocolors Completed in 497ms
274 http fetch GET 200 https://registry.npmjs.org/update-browserslist-db/-/update-browserslist-db-1.1.4.tgz 449ms (cache miss)
275 timing reifyNode:node_modules/update-browserslist-db Completed in 506ms
276 http fetch GET 200 https://registry.npmjs.org/node-releases/-/node-releases-2.0.26.tgz 477ms (cache miss)
277 timing reifyNode:node_modules/node-releases Completed in 542ms
278 http fetch GET 200 https://registry.npmjs.org/proxy-from-env/-/proxy-from-env-1.1.0.tgz 510ms (cache miss)
279 timing reifyNode:node_modules/proxy-from-env Completed in 568ms
280 http fetch GET 200 https://registry.npmjs.org/semver/-/semver-6.3.1.tgz 557ms (cache miss)
281 timing reifyNode:node_modules/semver Completed in 612ms
282 http fetch GET 200 https://registry.npmjs.org/ms/-/ms-2.1.3.tgz 672ms (cache miss)
283 timing reifyNode:node_modules/ms Completed in 734ms
284 http fetch GET 200 https://registry.npmjs.org/react/-/react-18.3.1.tgz 706ms (cache miss)
285 http fetch GET 200 https://registry.npmjs.org/lru-cache/-/lru-cache-5.1.1.tgz 707ms (cache miss)
286 timing reifyNode:node_modules/lru-cache Completed in 768ms
287 timing reifyNode:node_modules/react Completed in 772ms
288 http fetch GET 200 https://registry.npmjs.org/loose-envify/-/loose-envify-1.4.0.tgz 722ms (cache miss)
289 http fetch GET 200 https://registry.npmjs.org/scheduler/-/scheduler-0.23.2.tgz 743ms (cache miss)
290 timing reifyNode:node_modules/loose-envify Completed in 807ms
291 timing reifyNode:node_modules/scheduler Completed in 814ms
292 http fetch GET 200 https://registry.npmjs.org/js-tokens/-/js-tokens-4.0.0.tgz 783ms (cache miss)
293 timing reifyNode:node_modules/js-tokens Completed in 849ms
294 http fetch GET 200 https://registry.npmjs.org/hasown/-/hasown-2.0.2.tgz 829ms (cache miss)
295 http fetch GET 200 https://registry.npmjs.org/source-map-js/-/source-map-js-1.2.1.tgz 846ms (cache miss)
296 http fetch GET 200 https://registry.npmjs.org/jsesc/-/jsesc-3.1.0.tgz 840ms (cache miss)
297 timing reifyNode:node_modules/jsesc Completed in 907ms
298 timing reifyNode:node_modules/source-map-js Completed in 914ms
299 timing reifyNode:node_modules/hasown Completed in 917ms
300 http fetch GET 200 https://registry.npmjs.org/mime-db/-/mime-db-1.52.0.tgz 862ms (cache miss)
301 timing reifyNode:node_modules/mime-db Completed in 923ms
302 http fetch GET 200 https://registry.npmjs.org/has-symbols/-/has-symbols-1.1.0.tgz 882ms (cache miss)
303 http fetch GET 200 https://registry.npmjs.org/follow-redirects/-/follow-redirects-1.15.11.tgz 988ms (cache miss)
304 http fetch GET 200 https://registry.npmjs.org/es-set-tostringtag/-/es-set-tostringtag-2.1.0.tgz 1017ms (cache miss)
305 timing reifyNode:node_modules/follow-redirects Completed in 1150ms
306 http fetch GET 200 https://registry.npmjs.org/dunder-proto/-/dunder-proto-1.0.1.tgz 1071ms (cache miss)
307 http fetch GET 200 https://registry.npmjs.org/get-intrinsic/-/get-intrinsic-1.3.0.tgz 1094ms (cache miss)
308 timing reifyNode:node_modules/get-intrinsic Completed in 1166ms
309 http fetch GET 200 https://registry.npmjs.org/esbuild/-/esbuild-0.21.5.tgz 1106ms (cache miss)
310 http fetch GET 200 https://registry.npmjs.org/react-refresh/-/react-refresh-0.17.0.tgz 1113ms (cache miss)
311 timing reifyNode:node_modules/esbuild Completed in 1197ms
312 http fetch GET 200 https://registry.npmjs.org/gopd/-/gopd-1.2.0.tgz 1140ms (cache miss)
313 timing reifyNode:node_modules/react-refresh Completed in 1220ms
314 http fetch GET 200 https://registry.npmjs.org/gensync/-/gensync-1.0.0-beta.2.tgz 1148ms (cache miss)
315 timing reifyNode:node_modules/gensync Completed in 1220ms
316 http fetch GET 200 https://registry.npmjs.org/combined-stream/-/combined-stream-1.0.8.tgz 1140ms (cache miss)
317 timing reifyNode:node_modules/gopd Completed in 1234ms
318 http fetch GET 200 https://registry.npmjs.org/escalade/-/escalade-3.2.0.tgz 1161ms (cache miss)
319 http fetch GET 200 https://registry.npmjs.org/delayed-stream/-/delayed-stream-1.0.0.tgz 1158ms (cache miss)
320 timing reifyNode:node_modules/combined-stream Completed in 1240ms
321 timing reifyNode:node_modules/escalade Completed in 1251ms
322 timing reifyNode:node_modules/delayed-stream Completed in 1259ms
323 http fetch GET 200 https://registry.npmjs.org/get-proto/-/get-proto-1.0.1.tgz 1202ms (cache miss)
324 timing reifyNode:node_modules/es-set-tostringtag Completed in 1278ms
325 http fetch GET 200 https://registry.npmjs.org/convert-source-map/-/convert-source-map-2.0.0.tgz 1197ms (cache miss)
326 http fetch GET 200 https://registry.npmjs.org/form-data/-/form-data-4.0.4.tgz 1209ms (cache miss)
327 timing reifyNode:node_modules/form-data Completed in 1282ms
328 timing reifyNode:node_modules/convert-source-map Completed in 1282ms
329 timing reifyNode:node_modules/get-proto Completed in 1283ms
330 http fetch GET 200 https://registry.npmjs.org/call-bind-apply-helpers/-/call-bind-apply-helpers-1.0.2.tgz 1200ms (cache miss)
331 http fetch GET 200 https://registry.npmjs.org/has-tostringtag/-/has-tostringtag-1.0.2.tgz 1235ms (cache miss)
332 http fetch GET 200 https://registry.npmjs.org/es-define-property/-/es-define-property-1.0.1.tgz 1227ms (cache miss)
333 timing reifyNode:node_modules/has-symbols Completed in 1308ms
334 timing reifyNode:node_modules/has-tostringtag Completed in 1312ms
335 timing reifyNode:node_modules/es-define-property Completed in 1315ms
336 http fetch GET 200 https://registry.npmjs.org/debug/-/debug-4.4.3.tgz 1265ms (cache miss)
337 timing reifyNode:node_modules/debug Completed in 1346ms
338 http fetch GET 200 https://registry.npmjs.org/function-bind/-/function-bind-1.1.2.tgz 1296ms (cache miss)
339 timing reifyNode:node_modules/function-bind Completed in 1375ms
340 http fetch GET 200 https://registry.npmjs.org/json5/-/json5-2.2.3.tgz 1314ms (cache miss)
341 timing reifyNode:node_modules/json5 Completed in 1388ms
342 timing reifyNode:node_modules/dunder-proto Completed in 1389ms
343 http fetch GET 200 https://registry.npmjs.org/es-object-atoms/-/es-object-atoms-1.1.1.tgz 1315ms (cache miss)
344 http fetch GET 200 https://registry.npmjs.org/browserslist/-/browserslist-4.27.0.tgz 1329ms (cache miss)
345 timing reifyNode:node_modules/browserslist Completed in 1430ms
346 http fetch GET 200 https://registry.npmjs.org/@types/estree/-/estree-1.0.8.tgz 1361ms (cache miss)
347 timing reifyNode:node_modules/@types/estree Completed in 1449ms
348 http fetch GET 200 https://registry.npmjs.org/react-router/-/react-router-6.30.1.tgz 1396ms (cache miss)
349 timing reifyNode:node_modules/react-router Completed in 1464ms
350 http fetch GET 200 https://registry.npmjs.org/electron-to-chromium/-/electron-to-chromium-1.5.240.tgz 1394ms (cache miss)
351 timing reifyNode:node_modules/electron-to-chromium Completed in 1474ms
352 http fetch GET 200 https://registry.npmjs.org/@types/babel__template/-/babel__template-7.4.4.tgz 1383ms (cache miss)
353 timing reifyNode:node_modules/@types/babel__template Completed in 1474ms
354 http fetch GET 200 https://registry.npmjs.org/es-errors/-/es-errors-1.3.0.tgz 1397ms (cache miss)
355 timing reifyNode:node_modules/es-errors Completed in 1488ms
356 http fetch GET 200 https://registry.npmjs.org/@vitejs/plugin-react/-/plugin-react-4.7.0.tgz 1404ms (cache miss)
357 timing reifyNode:node_modules/@vitejs/plugin-react Completed in 1498ms
358 http fetch GET 200 https://registry.npmjs.org/math-intrinsics/-/math-intrinsics-1.1.0.tgz 1444ms (cache miss)
359 http fetch GET 200 https://registry.npmjs.org/@types/babel__generator/-/babel__generator-7.27.0.tgz 1412ms (cache miss)
360 timing reifyNode:node_modules/@types/babel__generator Completed in 1505ms
361 http fetch GET 200 https://registry.npmjs.org/@types/babel__traverse/-/babel__traverse-7.28.0.tgz 1419ms (cache miss)
362 timing reifyNode:node_modules/@types/babel__traverse Completed in 1509ms
363 http fetch GET 200 https://registry.npmjs.org/@types/babel__core/-/babel__core-7.20.5.tgz 1420ms (cache miss)
364 timing reifyNode:node_modules/@types/babel__core Completed in 1512ms
365 timing reifyNode:node_modules/math-intrinsics Completed in 1513ms
366 http fetch GET 200 https://registry.npmjs.org/@rolldown/pluginutils/-/pluginutils-1.0.0-beta.27.tgz 1426ms (cache miss)
367 timing reifyNode:node_modules/@rolldown/pluginutils Completed in 1523ms
368 http fetch GET 200 https://registry.npmjs.org/react-router-dom/-/react-router-dom-6.30.1.tgz 1472ms (cache miss)
369 timing reifyNode:node_modules/call-bind-apply-helpers Completed in 1528ms
370 timing reifyNode:node_modules/react-router-dom Completed in 1531ms
371 timing reifyNode:node_modules/es-object-atoms Completed in 1537ms
372 http fetch GET 200 https://registry.npmjs.org/asynckit/-/asynckit-0.4.0.tgz 1483ms (cache miss)
373 timing reifyNode:node_modules/asynckit Completed in 1584ms
374 http fetch GET 200 https://registry.npmjs.org/postcss/-/postcss-8.5.6.tgz 1698ms (cache miss)
375 timing reifyNode:node_modules/postcss Completed in 1771ms
376 http fetch GET 200 https://registry.npmjs.org/rollup/-/rollup-4.52.5.tgz 1743ms (cache miss)
377 timing reifyNode:node_modules/rollup Completed in 1806ms
378 http fetch GET 200 https://registry.npmjs.org/@jridgewell/resolve-uri/-/resolve-uri-3.1.2.tgz 1721ms (cache miss)
379 timing reifyNode:node_modules/@jridgewell/resolve-uri Completed in 1828ms
380 http fetch GET 200 https://registry.npmjs.org/@jridgewell/sourcemap-codec/-/sourcemap-codec-1.5.5.tgz 1827ms (cache miss)
381 timing reifyNode:node_modules/@jridgewell/sourcemap-codec Completed in 1929ms
382 http fetch GET 200 https://registry.npmjs.org/@babel/plugin-transform-react-jsx-source/-/plugin-transform-react-jsx-source-7.27.1.tgz 1837ms (cache miss)
383 timing reifyNode:node_modules/@babel/plugin-transform-react-jsx-source Completed in 1947ms
384 http fetch GET 200 https://registry.npmjs.org/@babel/plugin-transform-react-jsx-self/-/plugin-transform-react-jsx-self-7.27.1.tgz 1923ms (cache miss)
385 timing reifyNode:node_modules/@babel/plugin-transform-react-jsx-self Completed in 2038ms
386 http fetch GET 200 https://registry.npmjs.org/@jridgewell/remapping/-/remapping-2.3.5.tgz 1952ms (cache miss)
387 http fetch GET 200 https://registry.npmjs.org/vite/-/vite-5.4.21.tgz 2002ms (cache miss)
388 timing reifyNode:node_modules/vite Completed in 2057ms
389 timing reifyNode:node_modules/@jridgewell/remapping Completed in 2053ms
390 http fetch GET 200 https://registry.npmjs.org/@jridgewell/gen-mapping/-/gen-mapping-0.3.13.tgz 2010ms (cache miss)
391 timing reifyNode:node_modules/@jridgewell/gen-mapping Completed in 2117ms
392 http fetch GET 200 https://registry.npmjs.org/@babel/template/-/template-7.27.2.tgz 2014ms (cache miss)
393 timing reifyNode:node_modules/@babel/template Completed in 2119ms
394 http fetch GET 200 https://registry.npmjs.org/@jridgewell/trace-mapping/-/trace-mapping-0.3.31.tgz 2059ms (cache miss)
395 timing reifyNode:node_modules/@jridgewell/trace-mapping Completed in 2157ms
396 http fetch GET 200 https://registry.npmjs.org/react-dom/-/react-dom-18.3.1.tgz 2112ms (cache miss)
397 timing reifyNode:node_modules/react-dom Completed in 2170ms
398 http fetch GET 200 https://registry.npmjs.org/@babel/helper-validator-option/-/helper-validator-option-7.27.1.tgz 2107ms (cache miss)
399 timing reifyNode:node_modules/@babel/helper-validator-option Completed in 2227ms
400 http fetch GET 200 https://registry.npmjs.org/@babel/helper-validator-identifier/-/helper-validator-identifier-7.28.5.tgz 2145ms (cache miss)
401 timing reifyNode:node_modules/@babel/helper-validator-identifier Completed in 2256ms
402 http fetch GET 200 https://registry.npmjs.org/@babel/helper-string-parser/-/helper-string-parser-7.27.1.tgz 2254ms (cache miss)
403 http fetch GET 200 https://registry.npmjs.org/@remix-run/router/-/router-1.23.0.tgz 2272ms (cache miss)
404 timing reifyNode:node_modules/@remix-run/router Completed in 2366ms
405 timing reifyNode:node_modules/@babel/helper-string-parser Completed in 2365ms
406 http fetch GET 200 https://registry.npmjs.org/@babel/traverse/-/traverse-7.28.5.tgz 2282ms (cache miss)
407 timing reifyNode:node_modules/@babel/traverse Completed in 2385ms
408 http fetch GET 200 https://registry.npmjs.org/axios/-/axios-1.12.2.tgz 2360ms (cache miss)
409 timing reifyNode:node_modules/axios Completed in 2450ms
410 http fetch GET 200 https://registry.npmjs.org/@babel/helper-plugin-utils/-/helper-plugin-utils-7.27.1.tgz 2422ms (cache miss)
411 timing reifyNode:node_modules/@babel/helper-plugin-utils Completed in 2535ms
412 http fetch GET 200 https://registry.npmjs.org/@babel/helper-module-transforms/-/helper-module-transforms-7.28.3.tgz 2443ms (cache miss)
413 timing reifyNode:node_modules/@babel/helper-module-transforms Completed in 2557ms
414 http fetch GET 200 https://registry.npmjs.org/@rollup/rollup-win32-x64-msvc/-/rollup-win32-x64-msvc-4.52.5.tgz 2506ms (cache miss)
415 timing reifyNode:node_modules/@rollup/rollup-win32-x64-msvc Completed in 2601ms
416 http fetch GET 200 https://registry.npmjs.org/@babel/helper-module-imports/-/helper-module-imports-7.27.1.tgz 2510ms (cache miss)
417 timing reifyNode:node_modules/@babel/helper-module-imports Completed in 2642ms
418 http fetch GET 200 https://registry.npmjs.org/@babel/helper-globals/-/helper-globals-7.28.0.tgz 2650ms (cache miss)
419 timing reifyNode:node_modules/@babel/helper-globals Completed in 2767ms
420 http fetch GET 200 https://registry.npmjs.org/baseline-browser-mapping/-/baseline-browser-mapping-2.8.20.tgz 2681ms (cache miss)
421 timing reifyNode:node_modules/baseline-browser-mapping Completed in 2801ms
422 http fetch GET 200 https://registry.npmjs.org/@babel/helper-compilation-targets/-/helper-compilation-targets-7.27.2.tgz 2687ms (cache miss)
423 timing reifyNode:node_modules/@babel/helper-compilation-targets Completed in 2800ms
424 http fetch GET 200 https://registry.npmjs.org/@babel/compat-data/-/compat-data-7.28.5.tgz 2694ms (cache miss)
425 timing reifyNode:node_modules/@babel/compat-data Completed in 2813ms
426 http fetch GET 200 https://registry.npmjs.org/@babel/code-frame/-/code-frame-7.27.1.tgz 2794ms (cache miss)
427 timing reifyNode:node_modules/@babel/code-frame Completed in 2931ms
428 http fetch GET 200 https://registry.npmjs.org/@babel/generator/-/generator-7.28.5.tgz 2818ms (cache miss)
429 timing reifyNode:node_modules/@babel/generator Completed in 2933ms
430 http fetch GET 200 https://registry.npmjs.org/@babel/types/-/types-7.28.5.tgz 2857ms (cache miss)
431 timing reifyNode:node_modules/@babel/types Completed in 2964ms
432 http fetch GET 200 https://registry.npmjs.org/@rollup/rollup-win32-x64-gnu/-/rollup-win32-x64-gnu-4.52.5.tgz 2992ms (cache miss)
433 timing reifyNode:node_modules/@rollup/rollup-win32-x64-gnu Completed in 3088ms
434 http fetch GET 200 https://registry.npmjs.org/@babel/core/-/core-7.28.5.tgz 3035ms (cache miss)
435 timing reifyNode:node_modules/@babel/core Completed in 3156ms
436 http fetch GET 200 https://registry.npmjs.org/@babel/parser/-/parser-7.28.5.tgz 3107ms (cache miss)
437 timing reifyNode:node_modules/@babel/parser Completed in 3215ms
438 http fetch GET 200 https://registry.npmjs.org/@babel/helpers/-/helpers-7.28.4.tgz 3110ms (cache miss)
439 timing reifyNode:node_modules/@babel/helpers Completed in 3220ms
440 http fetch GET 200 https://registry.npmjs.org/caniuse-lite/-/caniuse-lite-1.0.30001751.tgz 3928ms (cache miss)
441 timing reifyNode:node_modules/caniuse-lite Completed in 4014ms
442 http fetch GET 200 https://registry.npmjs.org/@esbuild/win32-x64/-/win32-x64-0.21.5.tgz 4104ms (cache miss)
443 timing reifyNode:node_modules/@esbuild/win32-x64 Completed in 4203ms
444 timing reify:unpack Completed in 4207ms
445 timing reify:unretire Completed in 1ms
446 timing build:queue Completed in 7ms
447 timing build:link:node_modules/browserslist Completed in 18ms
448 timing build:link:node_modules/esbuild Completed in 18ms
449 timing build:link:node_modules/jsesc Completed in 18ms
450 timing build:link:node_modules/json5 Completed in 17ms
451 timing build:link:node_modules/nanoid Completed in 17ms
452 timing build:link:node_modules/loose-envify Completed in 17ms
453 timing build:link:node_modules/semver Completed in 18ms
454 timing build:link:node_modules/update-browserslist-db Completed in 17ms
455 timing build:link:node_modules/rollup Completed in 18ms
456 timing build:link:node_modules/@babel/parser Completed in 20ms
457 timing build:link:node_modules/baseline-browser-mapping Completed in 19ms
458 timing build:link:node_modules/vite Completed in 17ms
459 timing build:link Completed in 20ms
460 info run esbuild@0.21.5 postinstall node_modules/esbuild node install.js
461 info run esbuild@0.21.5 postinstall { code: 0, signal: null }
462 timing build:run:postinstall:node_modules/esbuild Completed in 265ms
463 timing build:run:postinstall Completed in 266ms
464 timing build:deps Completed in 293ms
465 timing build Completed in 294ms
466 timing reify:build Completed in 294ms
467 timing reify:trash Completed in 4ms
468 timing reify Completed in 4569ms
469 silly ADD node_modules/yallist
470 silly ADD node_modules/vite
471 silly ADD node_modules/update-browserslist-db
472 silly ADD node_modules/source-map-js
473 silly ADD node_modules/semver
474 silly ADD node_modules/scheduler
475 silly ADD node_modules/rollup
476 silly ADD node_modules/react-router-dom
477 silly ADD node_modules/react-router
478 silly ADD node_modules/react-refresh
479 silly ADD node_modules/react-dom
480 silly ADD node_modules/react
481 silly ADD node_modules/proxy-from-env
482 silly ADD node_modules/postcss
483 silly ADD node_modules/picocolors
484 silly ADD node_modules/node-releases
485 silly ADD node_modules/nanoid
486 silly ADD node_modules/ms
487 silly ADD node_modules/mime-types
488 silly ADD node_modules/mime-db
489 silly ADD node_modules/math-intrinsics
490 silly ADD node_modules/lru-cache
491 silly ADD node_modules/loose-envify
492 silly ADD node_modules/json5
493 silly ADD node_modules/jsesc
494 silly ADD node_modules/js-tokens
495 silly ADD node_modules/hasown
496 silly ADD node_modules/has-tostringtag
497 silly ADD node_modules/has-symbols
498 silly ADD node_modules/gopd
499 silly ADD node_modules/get-proto
500 silly ADD node_modules/get-intrinsic
501 silly ADD node_modules/gensync
502 silly ADD node_modules/function-bind
503 silly ADD
504 silly ADD node_modules/form-data
505 silly ADD node_modules/follow-redirects
506 silly ADD node_modules/escalade
507 silly ADD node_modules/esbuild
508 silly ADD node_modules/es-set-tostringtag
509 silly ADD node_modules/es-object-atoms
510 silly ADD node_modules/es-errors
511 silly ADD node_modules/es-define-property
512 silly ADD node_modules/electron-to-chromium
513 silly ADD node_modules/dunder-proto
514 silly ADD node_modules/delayed-stream
515 silly ADD node_modules/debug
516 silly ADD node_modules/convert-source-map
517 silly ADD node_modules/combined-stream
518 silly ADD node_modules/caniuse-lite
519 silly ADD node_modules/call-bind-apply-helpers
520 silly ADD node_modules/browserslist
521 silly ADD node_modules/baseline-browser-mapping
522 silly ADD node_modules/axios
523 silly ADD node_modules/asynckit
524 silly ADD node_modules/@vitejs/plugin-react
525 silly ADD node_modules/@types/estree
526 silly ADD node_modules/@types/babel__traverse
527 silly ADD node_modules/@types/babel__template
528 silly ADD node_modules/@types/babel__generator
529 silly ADD node_modules/@types/babel__core
530 silly ADD node_modules/@rollup/rollup-win32-x64-msvc
531 silly ADD node_modules/@rollup/rollup-win32-x64-gnu
532 silly ADD
533 silly ADD
534 silly ADD
535 silly ADD
536 silly ADD
537 silly ADD
538 silly ADD
539 silly ADD
540 silly ADD
541 silly ADD
542 silly ADD
543 silly ADD
544 silly ADD
545 silly ADD
546 silly ADD
547 silly ADD
548 silly ADD
549 silly ADD
550 silly ADD
551 silly ADD
552 silly ADD node_modules/@rolldown/pluginutils
553 silly ADD node_modules/@remix-run/router
554 silly ADD node_modules/@jridgewell/trace-mapping
555 silly ADD node_modules/@jridgewell/sourcemap-codec
556 silly ADD node_modules/@jridgewell/resolve-uri
557 silly ADD node_modules/@jridgewell/remapping
558 silly ADD node_modules/@jridgewell/gen-mapping
559 silly ADD node_modules/@esbuild/win32-x64
560 silly ADD
561 silly ADD
562 silly ADD
563 silly ADD
564 silly ADD
565 silly ADD
566 silly ADD
567 silly ADD
568 silly ADD
569 silly ADD
570 silly ADD
571 silly ADD
572 silly ADD
573 silly ADD
574 silly ADD
575 silly ADD
576 silly ADD
577 silly ADD
578 silly ADD
579 silly ADD
580 silly ADD
581 silly ADD
582 silly ADD node_modules/@babel/types
583 silly ADD node_modules/@babel/traverse
584 silly ADD node_modules/@babel/template
585 silly ADD node_modules/@babel/plugin-transform-react-jsx-source
586 silly ADD node_modules/@babel/plugin-transform-react-jsx-self
587 silly ADD node_modules/@babel/parser
588 silly ADD node_modules/@babel/helpers
589 silly ADD node_modules/@babel/helper-validator-option
590 silly ADD node_modules/@babel/helper-validator-identifier
591 silly ADD node_modules/@babel/helper-string-parser
592 silly ADD node_modules/@babel/helper-plugin-utils
593 silly ADD node_modules/@babel/helper-module-transforms
594 silly ADD node_modules/@babel/helper-module-imports
595 silly ADD node_modules/@babel/helper-globals
596 silly ADD node_modules/@babel/helper-compilation-targets
597 silly ADD node_modules/@babel/generator
598 silly ADD node_modules/@babel/core
599 silly ADD node_modules/@babel/compat-data
600 silly ADD node_modules/@babel/code-frame
601 timing command:ci Completed in 5132ms
602 notice
602 notice New major version of npm available! 9.8.1 -> 11.6.2
602 notice Changelog: <https://github.com/npm/cli/releases/tag/v11.6.2>
602 notice Run `npm install -g npm@11.6.2` to update!
602 notice
603 verbose exit 0
604 timing npm Completed in 5485ms
605 info ok
